{"message":"1) apiUser.php","context":{"op":"save"},"level":200,"level_name":"INFO","channel":"channel_name","datetime":{"date":"2018-08-18 17:05:40.158428","timezone_type":3,"timezone":"Europe/Berlin"},"extra":[]}
{"message":"2) apiUser.php","context":{"op":{"op":"save","data":{"id":16,"name":"thtan56","password":"4567","email":"t.h.tan@dunelm.org.uk"}}},"level":200,"level_name":"INFO","channel":"channel_name","datetime":{"date":"2018-08-18 17:05:40.158822","timezone_type":3,"timezone":"Europe/Berlin"},"extra":[]}
{"message":"4) apiUser.php","context":{"id":16},"level":200,"level_name":"INFO","channel":"channel_name","datetime":{"date":"2018-08-18 17:05:40.158878","timezone_type":3,"timezone":"Europe/Berlin"},"extra":[]}
{"message":"1) apiUser.php","context":{"op":"save"},"level":200,"level_name":"INFO","channel":"channel_name","datetime":{"date":"2018-08-18 17:09:46.552578","timezone_type":3,"timezone":"Europe/Berlin"},"extra":[]}
{"message":"2) apiUser.php","context":{"op":{"op":"save","data":{"id":0,"name":"thtan55","password":"cancer","email":"thtan56@gmail.com"}}},"level":200,"level_name":"INFO","channel":"channel_name","datetime":{"date":"2018-08-18 17:09:46.553008","timezone_type":3,"timezone":"Europe/Berlin"},"extra":[]}
{"message":"3) apiUser.php","context":{"id":0},"level":200,"level_name":"INFO","channel":"channel_name","datetime":{"date":"2018-08-18 17:09:46.553060","timezone_type":3,"timezone":"Europe/Berlin"},"extra":[]}
{"message":"1) apiUser.php","context":{"op":"getUsers"},"level":200,"level_name":"INFO","channel":"channel_name","datetime":{"date":"2018-08-18 17:09:49.568962","timezone_type":3,"timezone":"Europe/Berlin"},"extra":[]}
{"message":"2) apiUser.php","context":{"op":{"op":"getUsers"}},"level":200,"level_name":"INFO","channel":"channel_name","datetime":{"date":"2018-08-18 17:09:49.569350","timezone_type":3,"timezone":"Europe/Berlin"},"extra":[]}
{"message":"1) apiUser.php","context":{"op":"getUsers"},"level":200,"level_name":"INFO","channel":"channel_name","datetime":{"date":"2018-08-18 17:21:43.647357","timezone_type":3,"timezone":"Europe/Berlin"},"extra":[]}
{"message":"2) apiUser.php","context":{"op":{"op":"getUsers"}},"level":200,"level_name":"INFO","channel":"channel_name","datetime":{"date":"2018-08-18 17:21:43.647795","timezone_type":3,"timezone":"Europe/Berlin"},"extra":[]}
{"message":"1) apiUser.php","context":{"op":"getUsers"},"level":200,"level_name":"INFO","channel":"channel_name","datetime":{"date":"2018-08-18 17:21:55.786927","timezone_type":3,"timezone":"Europe/Berlin"},"extra":[]}
{"message":"2) apiUser.php","context":{"op":{"op":"getUsers"}},"level":200,"level_name":"INFO","channel":"channel_name","datetime":{"date":"2018-08-18 17:21:55.787309","timezone_type":3,"timezone":"Europe/Berlin"},"extra":[]}
{"message":"1) apiUser.php","context":{"op":"getUsers"},"level":200,"level_name":"INFO","channel":"channel_name","datetime":{"date":"2018-08-18 17:25:10.773801","timezone_type":3,"timezone":"Europe/Berlin"},"extra":[]}
{"message":"2) apiUser.php","context":{"op":{"op":"getUsers"}},"level":200,"level_name":"INFO","channel":"channel_name","datetime":{"date":"2018-08-18 17:25:10.774234","timezone_type":3,"timezone":"Europe/Berlin"},"extra":[]}
{"message":"1) apiUser.php","context":{"op":"getUsers"},"level":200,"level_name":"INFO","channel":"channel_name","datetime":{"date":"2018-08-18 17:25:17.083741","timezone_type":3,"timezone":"Europe/Berlin"},"extra":[]}
{"message":"2) apiUser.php","context":{"op":{"op":"getUsers"}},"level":200,"level_name":"INFO","channel":"channel_name","datetime":{"date":"2018-08-18 17:25:17.084081","timezone_type":3,"timezone":"Europe/Berlin"},"extra":[]}
{"message":"1) apiUser.php","context":{"op":"getUsers"},"level":200,"level_name":"INFO","channel":"channel_name","datetime":{"date":"2018-08-18 17:25:22.638744","timezone_type":3,"timezone":"Europe/Berlin"},"extra":[]}
{"message":"2) apiUser.php","context":{"op":{"op":"getUsers"}},"level":200,"level_name":"INFO","channel":"channel_name","datetime":{"date":"2018-08-18 17:25:22.639092","timezone_type":3,"timezone":"Europe/Berlin"},"extra":[]}
{"message":"1) apiUser.php","context":{"op":"getUsers"},"level":200,"level_name":"INFO","channel":"channel_name","datetime":{"date":"2018-08-18 17:25:28.142766","timezone_type":3,"timezone":"Europe/Berlin"},"extra":[]}
{"message":"2) apiUser.php","context":{"op":{"op":"getUsers"}},"level":200,"level_name":"INFO","channel":"channel_name","datetime":{"date":"2018-08-18 17:25:28.143104","timezone_type":3,"timezone":"Europe/Berlin"},"extra":[]}
{"message":"1) apiUser.php","context":{"op":"getUsers"},"level":200,"level_name":"INFO","channel":"channel_name","datetime":{"date":"2018-08-18 17:26:13.560843","timezone_type":3,"timezone":"Europe/Berlin"},"extra":[]}
{"message":"2) apiUser.php","context":{"op":{"op":"getUsers"}},"level":200,"level_name":"INFO","channel":"channel_name","datetime":{"date":"2018-08-18 17:26:13.561189","timezone_type":3,"timezone":"Europe/Berlin"},"extra":[]}
{"message":"1) apiUser.php","context":{"op":"getUsers"},"level":200,"level_name":"INFO","channel":"channel_name","datetime":{"date":"2018-08-18 17:30:14.441999","timezone_type":3,"timezone":"Europe/Berlin"},"extra":[]}
{"message":"2) apiUser.php","context":{"op":{"op":"getUsers"}},"level":200,"level_name":"INFO","channel":"channel_name","datetime":{"date":"2018-08-18 17:30:14.442412","timezone_type":3,"timezone":"Europe/Berlin"},"extra":[]}
{"message":"1) apiUser.php","context":{"op":"getUsers"},"level":200,"level_name":"INFO","channel":"channel_name","datetime":{"date":"2018-08-18 17:31:01.180263","timezone_type":3,"timezone":"Europe/Berlin"},"extra":[]}
{"message":"2) apiUser.php","context":{"op":{"op":"getUsers"}},"level":200,"level_name":"INFO","channel":"channel_name","datetime":{"date":"2018-08-18 17:31:01.180658","timezone_type":3,"timezone":"Europe/Berlin"},"extra":[]}
{"message":"1) apiUser.php","context":{"op":"getUsers"},"level":200,"level_name":"INFO","channel":"channel_name","datetime":{"date":"2018-08-18 17:32:42.809011","timezone_type":3,"timezone":"Europe/Berlin"},"extra":[]}
{"message":"2) apiUser.php","context":{"op":{"op":"getUsers"}},"level":200,"level_name":"INFO","channel":"channel_name","datetime":{"date":"2018-08-18 17:32:42.809409","timezone_type":3,"timezone":"Europe/Berlin"},"extra":[]}
{"message":"1) apiUser.php","context":{"op":"getUsers"},"level":200,"level_name":"INFO","channel":"channel_name","datetime":{"date":"2018-08-18 17:32:45.464295","timezone_type":3,"timezone":"Europe/Berlin"},"extra":[]}
{"message":"2) apiUser.php","context":{"op":{"op":"getUsers"}},"level":200,"level_name":"INFO","channel":"channel_name","datetime":{"date":"2018-08-18 17:32:45.464632","timezone_type":3,"timezone":"Europe/Berlin"},"extra":[]}
{"message":"1) apiUser.php","context":{"op":"getUsers"},"level":200,"level_name":"INFO","channel":"channel_name","datetime":{"date":"2018-08-18 17:36:30.438808","timezone_type":3,"timezone":"Europe/Berlin"},"extra":[]}
{"message":"2) apiUser.php","context":{"op":{"op":"getUsers"}},"level":200,"level_name":"INFO","channel":"channel_name","datetime":{"date":"2018-08-18 17:36:30.439203","timezone_type":3,"timezone":"Europe/Berlin"},"extra":[]}
{"message":"1) apiUser.php","context":{"op":"getUsers"},"level":200,"level_name":"INFO","channel":"channel_name","datetime":{"date":"2018-08-18 17:38:40.004434","timezone_type":3,"timezone":"Europe/Berlin"},"extra":[]}
{"message":"2) apiUser.php","context":{"op":{"op":"getUsers"}},"level":200,"level_name":"INFO","channel":"channel_name","datetime":{"date":"2018-08-18 17:38:40.004821","timezone_type":3,"timezone":"Europe/Berlin"},"extra":[]}
{"message":"1) apiUser.php","context":{"op":"getUsers"},"level":200,"level_name":"INFO","channel":"channel_name","datetime":{"date":"2018-08-18 17:40:02.967118","timezone_type":3,"timezone":"Europe/Berlin"},"extra":[]}
{"message":"2) apiUser.php","context":{"op":{"op":"getUsers"}},"level":200,"level_name":"INFO","channel":"channel_name","datetime":{"date":"2018-08-18 17:40:02.967461","timezone_type":3,"timezone":"Europe/Berlin"},"extra":[]}
{"message":"1) apiUser.php","context":{"op":"getUsers"},"level":200,"level_name":"INFO","channel":"channel_name","datetime":{"date":"2018-08-18 17:40:04.341918","timezone_type":3,"timezone":"Europe/Berlin"},"extra":[]}
{"message":"2) apiUser.php","context":{"op":{"op":"getUsers"}},"level":200,"level_name":"INFO","channel":"channel_name","datetime":{"date":"2018-08-18 17:40:04.342324","timezone_type":3,"timezone":"Europe/Berlin"},"extra":[]}
{"message":"1) apiUser.php","context":{"op":"getUsers"},"level":200,"level_name":"INFO","channel":"channel_name","datetime":{"date":"2018-08-18 17:44:31.161839","timezone_type":3,"timezone":"Europe/Berlin"},"extra":[]}
{"message":"2) apiUser.php","context":{"op":{"op":"getUsers"}},"level":200,"level_name":"INFO","channel":"channel_name","datetime":{"date":"2018-08-18 17:44:31.162249","timezone_type":3,"timezone":"Europe/Berlin"},"extra":[]}
{"message":"1) apiUser.php","context":{"op":"getUsers"},"level":200,"level_name":"INFO","channel":"channel_name","datetime":{"date":"2018-08-18 17:49:28.752250","timezone_type":3,"timezone":"Europe/Berlin"},"extra":[]}
{"message":"2) apiUser.php","context":{"op":{"op":"getUsers"}},"level":200,"level_name":"INFO","channel":"channel_name","datetime":{"date":"2018-08-18 17:49:28.752647","timezone_type":3,"timezone":"Europe/Berlin"},"extra":[]}
{"message":"1) apiUser.php","context":{"op":"getUsers"},"level":200,"level_name":"INFO","channel":"channel_name","datetime":{"date":"2018-08-18 17:49:33.143396","timezone_type":3,"timezone":"Europe/Berlin"},"extra":[]}
{"message":"2) apiUser.php","context":{"op":{"op":"getUsers"}},"level":200,"level_name":"INFO","channel":"channel_name","datetime":{"date":"2018-08-18 17:49:33.143729","timezone_type":3,"timezone":"Europe/Berlin"},"extra":[]}
{"message":"1) apiUser.php","context":{"op":"getUsers"},"level":200,"level_name":"INFO","channel":"channel_name","datetime":{"date":"2018-08-18 18:01:58.027391","timezone_type":3,"timezone":"Europe/Berlin"},"extra":[]}
{"message":"2) apiUser.php","context":{"op":{"op":"getUsers"}},"level":200,"level_name":"INFO","channel":"channel_name","datetime":{"date":"2018-08-18 18:01:58.027988","timezone_type":3,"timezone":"Europe/Berlin"},"extra":[]}
{"message":"1) apiUser.php","context":{"op":"getUsers"},"level":200,"level_name":"INFO","channel":"channel_name","datetime":{"date":"2018-08-18 18:02:00.438886","timezone_type":3,"timezone":"Europe/Berlin"},"extra":[]}
{"message":"2) apiUser.php","context":{"op":{"op":"getUsers"}},"level":200,"level_name":"INFO","channel":"channel_name","datetime":{"date":"2018-08-18 18:02:00.439280","timezone_type":3,"timezone":"Europe/Berlin"},"extra":[]}
{"message":"1) apiUser.php","context":{"op":"getUsers"},"level":200,"level_name":"INFO","channel":"channel_name","datetime":{"date":"2018-08-18 18:07:29.674207","timezone_type":3,"timezone":"Europe/Berlin"},"extra":[]}
{"message":"2) apiUser.php","context":{"op":{"op":"getUsers"}},"level":200,"level_name":"INFO","channel":"channel_name","datetime":{"date":"2018-08-18 18:07:29.674627","timezone_type":3,"timezone":"Europe/Berlin"},"extra":[]}
{"message":"1) apiUser.php","context":{"op":"getUsers"},"level":200,"level_name":"INFO","channel":"channel_name","datetime":{"date":"2018-08-18 18:07:33.147896","timezone_type":3,"timezone":"Europe/Berlin"},"extra":[]}
{"message":"2) apiUser.php","context":{"op":{"op":"getUsers"}},"level":200,"level_name":"INFO","channel":"channel_name","datetime":{"date":"2018-08-18 18:07:33.148233","timezone_type":3,"timezone":"Europe/Berlin"},"extra":[]}
{"message":"1) apiUser.php","context":{"op":"getUsers"},"level":200,"level_name":"INFO","channel":"channel_name","datetime":{"date":"2018-08-18 18:07:39.975760","timezone_type":3,"timezone":"Europe/Berlin"},"extra":[]}
{"message":"2) apiUser.php","context":{"op":{"op":"getUsers"}},"level":200,"level_name":"INFO","channel":"channel_name","datetime":{"date":"2018-08-18 18:07:39.976111","timezone_type":3,"timezone":"Europe/Berlin"},"extra":[]}
{"message":"1) apiUser.php","context":{"op":"getUsers"},"level":200,"level_name":"INFO","channel":"channel_name","datetime":{"date":"2018-08-18 18:07:50.711340","timezone_type":3,"timezone":"Europe/Berlin"},"extra":[]}
{"message":"2) apiUser.php","context":{"op":{"op":"getUsers"}},"level":200,"level_name":"INFO","channel":"channel_name","datetime":{"date":"2018-08-18 18:07:50.711723","timezone_type":3,"timezone":"Europe/Berlin"},"extra":[]}
{"message":"1) apiUser.php","context":{"op":"getUsers"},"level":200,"level_name":"INFO","channel":"channel_name","datetime":{"date":"2018-08-18 20:38:28.915735","timezone_type":3,"timezone":"Europe/Berlin"},"extra":[]}
{"message":"2) apiUser.php","context":{"op":{"op":"getUsers"}},"level":200,"level_name":"INFO","channel":"channel_name","datetime":{"date":"2018-08-18 20:38:28.917113","timezone_type":3,"timezone":"Europe/Berlin"},"extra":[]}
{"message":"1) apiUser.php","context":{"op":"getUsers"},"level":200,"level_name":"INFO","channel":"channel_name","datetime":{"date":"2018-08-19 15:29:44.749166","timezone_type":3,"timezone":"Europe/Berlin"},"extra":[]}
{"message":"2) apiUser.php","context":{"op":{"op":"getUsers"}},"level":200,"level_name":"INFO","channel":"channel_name","datetime":{"date":"2018-08-19 15:29:44.750088","timezone_type":3,"timezone":"Europe/Berlin"},"extra":[]}
{"message":"1) apiUser.php","context":{"op":"getUsers"},"level":200,"level_name":"INFO","channel":"channel_name","datetime":{"date":"2018-08-19 15:33:37.624366","timezone_type":3,"timezone":"Europe/Berlin"},"extra":[]}
{"message":"2) apiUser.php","context":{"op":{"op":"getUsers"}},"level":200,"level_name":"INFO","channel":"channel_name","datetime":{"date":"2018-08-19 15:33:37.624774","timezone_type":3,"timezone":"Europe/Berlin"},"extra":[]}
{"message":"1) apiUser.php","context":{"op":"getUsers"},"level":200,"level_name":"INFO","channel":"channel_name","datetime":{"date":"2018-08-19 15:33:40.211073","timezone_type":3,"timezone":"Europe/Berlin"},"extra":[]}
{"message":"2) apiUser.php","context":{"op":{"op":"getUsers"}},"level":200,"level_name":"INFO","channel":"channel_name","datetime":{"date":"2018-08-19 15:33:40.211400","timezone_type":3,"timezone":"Europe/Berlin"},"extra":[]}
{"message":"1) apiUser.php","context":{"op":"getUsers"},"level":200,"level_name":"INFO","channel":"channel_name","datetime":{"date":"2018-08-19 15:33:55.590349","timezone_type":3,"timezone":"Europe/Berlin"},"extra":[]}
{"message":"2) apiUser.php","context":{"op":{"op":"getUsers"}},"level":200,"level_name":"INFO","channel":"channel_name","datetime":{"date":"2018-08-19 15:33:55.590678","timezone_type":3,"timezone":"Europe/Berlin"},"extra":[]}
{"message":"1) apiUser.php","context":{"op":"getUsers"},"level":200,"level_name":"INFO","channel":"channel_name","datetime":{"date":"2018-08-19 15:35:30.826324","timezone_type":3,"timezone":"Europe/Berlin"},"extra":[]}
{"message":"2) apiUser.php","context":{"op":{"op":"getUsers"}},"level":200,"level_name":"INFO","channel":"channel_name","datetime":{"date":"2018-08-19 15:35:30.826844","timezone_type":3,"timezone":"Europe/Berlin"},"extra":[]}
{"message":"1) apiUser.php","context":{"op":"getUsers"},"level":200,"level_name":"INFO","channel":"channel_name","datetime":{"date":"2018-08-19 15:37:46.668929","timezone_type":3,"timezone":"Europe/Berlin"},"extra":[]}
{"message":"2) apiUser.php","context":{"op":{"op":"getUsers"}},"level":200,"level_name":"INFO","channel":"channel_name","datetime":{"date":"2018-08-19 15:37:46.669334","timezone_type":3,"timezone":"Europe/Berlin"},"extra":[]}
{"message":"1) apiUser.php","context":{"op":"save"},"level":200,"level_name":"INFO","channel":"channel_name","datetime":{"date":"2018-08-19 15:39:46.305405","timezone_type":3,"timezone":"Europe/Berlin"},"extra":[]}
{"message":"2) apiUser.php","context":{"op":{"op":"save","data":{"id":16,"name":"thtan56","password":"444","email":"t.h.tan@dunelm.org.uk"}}},"level":200,"level_name":"INFO","channel":"channel_name","datetime":{"date":"2018-08-19 15:39:46.305758","timezone_type":3,"timezone":"Europe/Berlin"},"extra":[]}
{"message":"4) apiUser.php","context":{"id":16},"level":200,"level_name":"INFO","channel":"channel_name","datetime":{"date":"2018-08-19 15:39:46.307895","timezone_type":3,"timezone":"Europe/Berlin"},"extra":[]}
{"message":"1) apiUser.php","context":{"op":"getUsers"},"level":200,"level_name":"INFO","channel":"channel_name","datetime":{"date":"2018-08-19 15:39:48.456547","timezone_type":3,"timezone":"Europe/Berlin"},"extra":[]}
{"message":"2) apiUser.php","context":{"op":{"op":"getUsers"}},"level":200,"level_name":"INFO","channel":"channel_name","datetime":{"date":"2018-08-19 15:39:48.456993","timezone_type":3,"timezone":"Europe/Berlin"},"extra":[]}
{"message":"1) apiUser.php","context":{"op":"save"},"level":200,"level_name":"INFO","channel":"channel_name","datetime":{"date":"2018-08-19 15:40:35.824188","timezone_type":3,"timezone":"Europe/Berlin"},"extra":[]}
{"message":"2) apiUser.php","context":{"op":{"op":"save","data":{"id":0,"name":"thtan57","password":"4545","email":"thtan56@yahoo"}}},"level":200,"level_name":"INFO","channel":"channel_name","datetime":{"date":"2018-08-19 15:40:35.824553","timezone_type":3,"timezone":"Europe/Berlin"},"extra":[]}
{"message":"3) apiUser.php","context":{"id":0},"level":200,"level_name":"INFO","channel":"channel_name","datetime":{"date":"2018-08-19 15:40:35.826424","timezone_type":3,"timezone":"Europe/Berlin"},"extra":[]}
{"message":"1) apiUser.php","context":{"op":"getUsers"},"level":200,"level_name":"INFO","channel":"channel_name","datetime":{"date":"2018-08-19 15:40:37.261610","timezone_type":3,"timezone":"Europe/Berlin"},"extra":[]}
{"message":"2) apiUser.php","context":{"op":{"op":"getUsers"}},"level":200,"level_name":"INFO","channel":"channel_name","datetime":{"date":"2018-08-19 15:40:37.261975","timezone_type":3,"timezone":"Europe/Berlin"},"extra":[]}
{"message":"1) apiUser.php","context":{"op":"delete"},"level":200,"level_name":"INFO","channel":"channel_name","datetime":{"date":"2018-08-19 15:40:49.166655","timezone_type":3,"timezone":"Europe/Berlin"},"extra":[]}
{"message":"2) apiUser.php","context":{"op":{"op":"delete","id":31}},"level":200,"level_name":"INFO","channel":"channel_name","datetime":{"date":"2018-08-19 15:40:49.167024","timezone_type":3,"timezone":"Europe/Berlin"},"extra":[]}
{"message":"1) apiUser.php","context":{"op":"getUsers"},"level":200,"level_name":"INFO","channel":"channel_name","datetime":{"date":"2018-08-19 15:40:51.053124","timezone_type":3,"timezone":"Europe/Berlin"},"extra":[]}
{"message":"2) apiUser.php","context":{"op":{"op":"getUsers"}},"level":200,"level_name":"INFO","channel":"channel_name","datetime":{"date":"2018-08-19 15:40:51.053479","timezone_type":3,"timezone":"Europe/Berlin"},"extra":[]}
{"message":"1) apiUser.php","context":{"op":"getUsers"},"level":200,"level_name":"INFO","channel":"channel_name","datetime":{"date":"2018-08-19 18:15:50.281498","timezone_type":3,"timezone":"Europe/Berlin"},"extra":[]}
{"message":"2) apiUser.php","context":{"op":{"op":"getUsers"}},"level":200,"level_name":"INFO","channel":"channel_name","datetime":{"date":"2018-08-19 18:15:50.282488","timezone_type":3,"timezone":"Europe/Berlin"},"extra":[]}
{"message":"1) apiUser.php","context":{"op":"getUsers"},"level":200,"level_name":"INFO","channel":"channel_name","datetime":{"date":"2018-08-19 18:23:37.298646","timezone_type":3,"timezone":"Europe/Berlin"},"extra":[]}
{"message":"2) apiUser.php","context":{"op":{"op":"getUsers"}},"level":200,"level_name":"INFO","channel":"channel_name","datetime":{"date":"2018-08-19 18:23:37.299120","timezone_type":3,"timezone":"Europe/Berlin"},"extra":[]}
{"message":"1) apiUser.php","context":{"op":"getUsers"},"level":200,"level_name":"INFO","channel":"channel_name","datetime":{"date":"2018-08-19 18:25:12.123059","timezone_type":3,"timezone":"Europe/Berlin"},"extra":[]}
{"message":"2) apiUser.php","context":{"op":{"op":"getUsers"}},"level":200,"level_name":"INFO","channel":"channel_name","datetime":{"date":"2018-08-19 18:25:12.123383","timezone_type":3,"timezone":"Europe/Berlin"},"extra":[]}
{"message":"1) apiUser.php","context":{"op":"getUsers"},"level":200,"level_name":"INFO","channel":"channel_name","datetime":{"date":"2018-08-19 18:25:16.093247","timezone_type":3,"timezone":"Europe/Berlin"},"extra":[]}
{"message":"2) apiUser.php","context":{"op":{"op":"getUsers"}},"level":200,"level_name":"INFO","channel":"channel_name","datetime":{"date":"2018-08-19 18:25:16.093597","timezone_type":3,"timezone":"Europe/Berlin"},"extra":[]}
{"message":"1) apiUser.php","context":{"op":"getUsers"},"level":200,"level_name":"INFO","channel":"channel_name","datetime":{"date":"2018-08-19 18:36:17.866868","timezone_type":3,"timezone":"Europe/Berlin"},"extra":[]}
{"message":"2) apiUser.php","context":{"op":{"op":"getUsers"}},"level":200,"level_name":"INFO","channel":"channel_name","datetime":{"date":"2018-08-19 18:36:17.867370","timezone_type":3,"timezone":"Europe/Berlin"},"extra":[]}
{"message":"1) apiUser.php","context":{"op":"getUsers"},"level":200,"level_name":"INFO","channel":"channel_name","datetime":{"date":"2018-08-19 18:37:20.536009","timezone_type":3,"timezone":"Europe/Berlin"},"extra":[]}
{"message":"2) apiUser.php","context":{"op":{"op":"getUsers"}},"level":200,"level_name":"INFO","channel":"channel_name","datetime":{"date":"2018-08-19 18:37:20.536422","timezone_type":3,"timezone":"Europe/Berlin"},"extra":[]}
{"message":"1) apiUser.php","context":{"op":"getUsers"},"level":200,"level_name":"INFO","channel":"channel_name","datetime":{"date":"2018-08-19 18:37:52.874953","timezone_type":3,"timezone":"Europe/Berlin"},"extra":[]}
{"message":"2) apiUser.php","context":{"op":{"op":"getUsers"}},"level":200,"level_name":"INFO","channel":"channel_name","datetime":{"date":"2018-08-19 18:37:52.875353","timezone_type":3,"timezone":"Europe/Berlin"},"extra":[]}
{"message":"1) apiUser.php","context":{"op":"getUsers"},"level":200,"level_name":"INFO","channel":"channel_name","datetime":{"date":"2018-08-19 18:47:03.156456","timezone_type":3,"timezone":"Europe/Berlin"},"extra":[]}
{"message":"2) apiUser.php","context":{"op":{"op":"getUsers"}},"level":200,"level_name":"INFO","channel":"channel_name","datetime":{"date":"2018-08-19 18:47:03.156945","timezone_type":3,"timezone":"Europe/Berlin"},"extra":[]}
{"message":"1) apiUser.php","context":{"op":"getUsers"},"level":200,"level_name":"INFO","channel":"channel_name","datetime":{"date":"2018-08-19 18:49:10.085379","timezone_type":3,"timezone":"Europe/Berlin"},"extra":[]}
{"message":"2) apiUser.php","context":{"op":{"op":"getUsers"}},"level":200,"level_name":"INFO","channel":"channel_name","datetime":{"date":"2018-08-19 18:49:10.085783","timezone_type":3,"timezone":"Europe/Berlin"},"extra":[]}
{"message":"1) apiUser.php","context":{"op":"getUsers"},"level":200,"level_name":"INFO","channel":"channel_name","datetime":{"date":"2018-08-19 18:50:58.087662","timezone_type":3,"timezone":"Europe/Berlin"},"extra":[]}
{"message":"2) apiUser.php","context":{"op":{"op":"getUsers"}},"level":200,"level_name":"INFO","channel":"channel_name","datetime":{"date":"2018-08-19 18:50:58.088053","timezone_type":3,"timezone":"Europe/Berlin"},"extra":[]}
{"message":"1) apiUser.php","context":{"op":"getUsers"},"level":200,"level_name":"INFO","channel":"channel_name","datetime":{"date":"2018-08-19 18:52:58.174816","timezone_type":3,"timezone":"Europe/Berlin"},"extra":[]}
{"message":"2) apiUser.php","context":{"op":{"op":"getUsers"}},"level":200,"level_name":"INFO","channel":"channel_name","datetime":{"date":"2018-08-19 18:52:58.175198","timezone_type":3,"timezone":"Europe/Berlin"},"extra":[]}
{"message":"1) apiUser.php","context":{"op":"getUsers"},"level":200,"level_name":"INFO","channel":"channel_name","datetime":{"date":"2018-08-19 18:53:20.850833","timezone_type":3,"timezone":"Europe/Berlin"},"extra":[]}
{"message":"2) apiUser.php","context":{"op":{"op":"getUsers"}},"level":200,"level_name":"INFO","channel":"channel_name","datetime":{"date":"2018-08-19 18:53:20.851160","timezone_type":3,"timezone":"Europe/Berlin"},"extra":[]}
{"message":"1) apiUser.php","context":{"op":"getUsers"},"level":200,"level_name":"INFO","channel":"channel_name","datetime":{"date":"2018-08-19 18:54:06.752485","timezone_type":3,"timezone":"Europe/Berlin"},"extra":[]}
{"message":"2) apiUser.php","context":{"op":{"op":"getUsers"}},"level":200,"level_name":"INFO","channel":"channel_name","datetime":{"date":"2018-08-19 18:54:06.752862","timezone_type":3,"timezone":"Europe/Berlin"},"extra":[]}
{"message":"1) apiUser.php","context":{"op":"getUsers"},"level":200,"level_name":"INFO","channel":"channel_name","datetime":{"date":"2018-08-19 19:29:17.201503","timezone_type":3,"timezone":"Europe/Berlin"},"extra":[]}
{"message":"2) apiUser.php","context":{"op":{"op":"getUsers"}},"level":200,"level_name":"INFO","channel":"channel_name","datetime":{"date":"2018-08-19 19:29:17.202045","timezone_type":3,"timezone":"Europe/Berlin"},"extra":[]}
{"message":"1) apiUser.php","context":{"op":"getUsers"},"level":200,"level_name":"INFO","channel":"channel_name","datetime":{"date":"2018-08-19 20:01:36.640909","timezone_type":3,"timezone":"Europe/Berlin"},"extra":[]}
{"message":"2) apiUser.php","context":{"op":{"op":"getUsers"}},"level":200,"level_name":"INFO","channel":"channel_name","datetime":{"date":"2018-08-19 20:01:36.641568","timezone_type":3,"timezone":"Europe/Berlin"},"extra":[]}
{"message":"1) apiUser.php","context":{"op":"getUsers"},"level":200,"level_name":"INFO","channel":"channel_name","datetime":{"date":"2018-08-19 20:21:53.710815","timezone_type":3,"timezone":"Europe/Berlin"},"extra":[]}
{"message":"2) apiUser.php","context":{"op":{"op":"getUsers"}},"level":200,"level_name":"INFO","channel":"channel_name","datetime":{"date":"2018-08-19 20:21:53.711375","timezone_type":3,"timezone":"Europe/Berlin"},"extra":[]}
{"message":"1) apiUser.php","context":{"op":"getUsers"},"level":200,"level_name":"INFO","channel":"channel_name","datetime":{"date":"2018-08-19 20:24:07.261399","timezone_type":3,"timezone":"Europe/Berlin"},"extra":[]}
{"message":"2) apiUser.php","context":{"op":{"op":"getUsers"}},"level":200,"level_name":"INFO","channel":"channel_name","datetime":{"date":"2018-08-19 20:24:07.261785","timezone_type":3,"timezone":"Europe/Berlin"},"extra":[]}
{"message":"1) apiUser.php","context":{"op":"getUsers"},"level":200,"level_name":"INFO","channel":"channel_name","datetime":{"date":"2018-08-19 20:26:06.056619","timezone_type":3,"timezone":"Europe/Berlin"},"extra":[]}
{"message":"2) apiUser.php","context":{"op":{"op":"getUsers"}},"level":200,"level_name":"INFO","channel":"channel_name","datetime":{"date":"2018-08-19 20:26:06.056956","timezone_type":3,"timezone":"Europe/Berlin"},"extra":[]}
{"message":"1) apiUser.php","context":{"op":"getUsers"},"level":200,"level_name":"INFO","channel":"channel_name","datetime":{"date":"2018-08-19 20:38:44.721604","timezone_type":3,"timezone":"Europe/Berlin"},"extra":[]}
{"message":"2) apiUser.php","context":{"op":{"op":"getUsers"}},"level":200,"level_name":"INFO","channel":"channel_name","datetime":{"date":"2018-08-19 20:38:44.722158","timezone_type":3,"timezone":"Europe/Berlin"},"extra":[]}
{"message":"1) apiUser.php","context":{"op":"getUsers"},"level":200,"level_name":"INFO","channel":"channel_name","datetime":{"date":"2018-08-19 20:44:23.122761","timezone_type":3,"timezone":"Europe/Berlin"},"extra":[]}
{"message":"2) apiUser.php","context":{"op":{"op":"getUsers"}},"level":200,"level_name":"INFO","channel":"channel_name","datetime":{"date":"2018-08-19 20:44:23.123153","timezone_type":3,"timezone":"Europe/Berlin"},"extra":[]}
{"message":"1) apiUser.php","context":{"op":"getUsers"},"level":200,"level_name":"INFO","channel":"channel_name","datetime":{"date":"2018-08-19 20:50:24.361481","timezone_type":3,"timezone":"Europe/Berlin"},"extra":[]}
{"message":"2) apiUser.php","context":{"op":{"op":"getUsers"}},"level":200,"level_name":"INFO","channel":"channel_name","datetime":{"date":"2018-08-19 20:50:24.361861","timezone_type":3,"timezone":"Europe/Berlin"},"extra":[]}
{"message":"1) apiUser.php","context":{"op":"getUsers"},"level":200,"level_name":"INFO","channel":"channel_name","datetime":{"date":"2018-08-19 20:51:15.937320","timezone_type":3,"timezone":"Europe/Berlin"},"extra":[]}
{"message":"2) apiUser.php","context":{"op":{"op":"getUsers"}},"level":200,"level_name":"INFO","channel":"channel_name","datetime":{"date":"2018-08-19 20:51:15.937704","timezone_type":3,"timezone":"Europe/Berlin"},"extra":[]}
{"message":"1) apiUser.php","context":{"op":"getUsers"},"level":200,"level_name":"INFO","channel":"channel_name","datetime":{"date":"2018-08-19 20:51:58.492180","timezone_type":3,"timezone":"Europe/Berlin"},"extra":[]}
{"message":"2) apiUser.php","context":{"op":{"op":"getUsers"}},"level":200,"level_name":"INFO","channel":"channel_name","datetime":{"date":"2018-08-19 20:51:58.492518","timezone_type":3,"timezone":"Europe/Berlin"},"extra":[]}
{"message":"1) apiUser.php","context":{"op":"save"},"level":200,"level_name":"INFO","channel":"channel_name","datetime":{"date":"2018-08-19 20:52:53.229110","timezone_type":3,"timezone":"Europe/Berlin"},"extra":[]}
{"message":"2) apiUser.php","context":{"op":{"op":"save","data":{"id":30,"name":"thtan55","password":"cancer","email":"thtan56@gmail.com","role":"Player","address1":"35 O Jalan Tembusu","address2":"Taman Melawis","town":"Klang","firstname":"thian","lastname":"tan"}}},"level":200,"level_name":"INFO","channel":"channel_name","datetime":{"date":"2018-08-19 20:52:53.229495","timezone_type":3,"timezone":"Europe/Berlin"},"extra":[]}
{"message":"4) apiUser.php","context":{"id":30},"level":200,"level_name":"INFO","channel":"channel_name","datetime":{"date":"2018-08-19 20:52:53.232122","timezone_type":3,"timezone":"Europe/Berlin"},"extra":[]}
{"message":"1) apiUser.php","context":{"op":"getUsers"},"level":200,"level_name":"INFO","channel":"channel_name","datetime":{"date":"2018-08-19 20:52:57.346818","timezone_type":3,"timezone":"Europe/Berlin"},"extra":[]}
{"message":"2) apiUser.php","context":{"op":{"op":"getUsers"}},"level":200,"level_name":"INFO","channel":"channel_name","datetime":{"date":"2018-08-19 20:52:57.347211","timezone_type":3,"timezone":"Europe/Berlin"},"extra":[]}
{"message":"1) apiUser.php","context":{"op":"save"},"level":200,"level_name":"INFO","channel":"channel_name","datetime":{"date":"2018-08-19 20:56:37.413158","timezone_type":3,"timezone":"Europe/Berlin"},"extra":[]}
{"message":"2) apiUser.php","context":{"op":{"op":"save","data":{"id":30,"name":"thtan55","password":"cancer","email":"thtan56@gmail.com","role":"Player","address1":"35 O Jalan Tembusu","address2":"Taman Melawis","town":"Klang","firstname":"thian","lastname":"tan"}}},"level":200,"level_name":"INFO","channel":"channel_name","datetime":{"date":"2018-08-19 20:56:37.413630","timezone_type":3,"timezone":"Europe/Berlin"},"extra":[]}
{"message":"4) apiUser.php","context":{"id":30},"level":200,"level_name":"INFO","channel":"channel_name","datetime":{"date":"2018-08-19 20:56:37.414674","timezone_type":3,"timezone":"Europe/Berlin"},"extra":[]}
{"message":"1) apiUser.php","context":{"op":"getUsers"},"level":200,"level_name":"INFO","channel":"channel_name","datetime":{"date":"2018-08-19 21:15:50.367712","timezone_type":3,"timezone":"Europe/Berlin"},"extra":[]}
{"message":"2) apiUser.php","context":{"op":{"op":"getUsers"}},"level":200,"level_name":"INFO","channel":"channel_name","datetime":{"date":"2018-08-19 21:15:50.368264","timezone_type":3,"timezone":"Europe/Berlin"},"extra":[]}
{"message":"1) apiUser.php","context":{"op":"getUsers"},"level":200,"level_name":"INFO","channel":"channel_name","datetime":{"date":"2018-08-20 03:29:57.637913","timezone_type":3,"timezone":"Europe/Berlin"},"extra":[]}
{"message":"2) apiUser.php","context":{"op":{"op":"getUsers"}},"level":200,"level_name":"INFO","channel":"channel_name","datetime":{"date":"2018-08-20 03:29:57.639754","timezone_type":3,"timezone":"Europe/Berlin"},"extra":[]}
{"message":"1) apiUser.php","context":{"op":"save"},"level":200,"level_name":"INFO","channel":"channel_name","datetime":{"date":"2018-08-20 03:30:40.487294","timezone_type":3,"timezone":"Europe/Berlin"},"extra":[]}
{"message":"2) apiUser.php","context":{"op":{"op":"save","data":{"id":16,"name":"thtan56","password":"2222","email":"t.h.tan@dunelm.org.uk","role":"Player","address1":"35 O Jalan Tembusu","address2":"Taman Melawis","town":"Klang","firstname":"thian","lastname":"tan","postcode":"41100","country":"Malaysia","bankbsb":"111","bankaccount":"2222"}}},"level":200,"level_name":"INFO","channel":"channel_name","datetime":{"date":"2018-08-20 03:30:40.487662","timezone_type":3,"timezone":"Europe/Berlin"},"extra":[]}
{"message":"4) apiUser.php","context":{"id":16},"level":200,"level_name":"INFO","channel":"channel_name","datetime":{"date":"2018-08-20 03:30:40.487787","timezone_type":3,"timezone":"Europe/Berlin"},"extra":[]}
{"message":"1) apiUser.php","context":{"op":"getUsers"},"level":200,"level_name":"INFO","channel":"channel_name","datetime":{"date":"2018-08-20 03:39:09.886657","timezone_type":3,"timezone":"Europe/Berlin"},"extra":[]}
{"message":"2) apiUser.php","context":{"op":{"op":"getUsers"}},"level":200,"level_name":"INFO","channel":"channel_name","datetime":{"date":"2018-08-20 03:39:09.887152","timezone_type":3,"timezone":"Europe/Berlin"},"extra":[]}
{"message":"1) apiUser.php","context":{"op":"getUsers"},"level":200,"level_name":"INFO","channel":"channel_name","datetime":{"date":"2018-08-20 03:39:16.397925","timezone_type":3,"timezone":"Europe/Berlin"},"extra":[]}
{"message":"2) apiUser.php","context":{"op":{"op":"getUsers"}},"level":200,"level_name":"INFO","channel":"channel_name","datetime":{"date":"2018-08-20 03:39:16.398302","timezone_type":3,"timezone":"Europe/Berlin"},"extra":[]}
{"message":"1) apiUser.php","context":{"op":"getUsers"},"level":200,"level_name":"INFO","channel":"channel_name","datetime":{"date":"2018-08-20 03:39:42.474205","timezone_type":3,"timezone":"Europe/Berlin"},"extra":[]}
{"message":"2) apiUser.php","context":{"op":{"op":"getUsers"}},"level":200,"level_name":"INFO","channel":"channel_name","datetime":{"date":"2018-08-20 03:39:42.474543","timezone_type":3,"timezone":"Europe/Berlin"},"extra":[]}
{"message":"1) apiUser.php","context":{"op":"save"},"level":200,"level_name":"INFO","channel":"channel_name","datetime":{"date":"2018-08-20 03:40:00.032432","timezone_type":3,"timezone":"Europe/Berlin"},"extra":[]}
{"message":"2) apiUser.php","context":{"op":{"op":"save","data":{"id":16,"name":"thtan56","password":"2222","email":"t.h.tan@dunelm.org.uk","role":"Player","address1":"35 O Jalan Tembusu","address2":"Taman Melawis","town":"Klang","firstname":"thian","lastname":"tan","postcode":"41100","country":"Malaysia","bankbsb":"333","bankaccount":"2222"}}},"level":200,"level_name":"INFO","channel":"channel_name","datetime":{"date":"2018-08-20 03:40:00.032818","timezone_type":3,"timezone":"Europe/Berlin"},"extra":[]}
{"message":"4) apiUser.php","context":{"id":16},"level":200,"level_name":"INFO","channel":"channel_name","datetime":{"date":"2018-08-20 03:40:00.032877","timezone_type":3,"timezone":"Europe/Berlin"},"extra":[]}
{"message":"1) apiUser.php","context":{"op":"save"},"level":200,"level_name":"INFO","channel":"channel_name","datetime":{"date":"2018-08-20 03:40:27.599268","timezone_type":3,"timezone":"Europe/Berlin"},"extra":[]}
{"message":"2) apiUser.php","context":{"op":{"op":"save","data":{"id":16,"name":"thtan56","password":"2222","email":"t.h.tan@dunelm.org.uk","role":"Player","address1":"35 O Jalan Tembusu","address2":"Taman Melawis","town":"Klang","firstname":"thian","lastname":"tan","postcode":"41100","country":"Malaysia","bankbsb":"333","bankaccount":"2222"}}},"level":200,"level_name":"INFO","channel":"channel_name","datetime":{"date":"2018-08-20 03:40:27.599639","timezone_type":3,"timezone":"Europe/Berlin"},"extra":[]}
{"message":"4) apiUser.php","context":{"id":16},"level":200,"level_name":"INFO","channel":"channel_name","datetime":{"date":"2018-08-20 03:40:27.599696","timezone_type":3,"timezone":"Europe/Berlin"},"extra":[]}
{"message":"1) apiUser.php","context":{"op":"getUsers"},"level":200,"level_name":"INFO","channel":"channel_name","datetime":{"date":"2018-08-20 03:47:38.945977","timezone_type":3,"timezone":"Europe/Berlin"},"extra":[]}
{"message":"2) apiUser.php","context":{"op":{"op":"getUsers"}},"level":200,"level_name":"INFO","channel":"channel_name","datetime":{"date":"2018-08-20 03:47:38.946548","timezone_type":3,"timezone":"Europe/Berlin"},"extra":[]}
{"message":"1) apiUser.php","context":{"op":"save"},"level":200,"level_name":"INFO","channel":"channel_name","datetime":{"date":"2018-08-20 03:48:08.538945","timezone_type":3,"timezone":"Europe/Berlin"},"extra":[]}
{"message":"2) apiUser.php","context":{"op":{"op":"save","data":{"id":16,"name":"thtan56","password":"2222","email":"t.h.tan@dunelm.org.uk","role":"Player","address1":"35 O Jalan Tembusu","address2":"Taman Melawis","town":"Klang","firstname":"thian","lastname":"tan","postcode":"41101","country":"Australia","bankbsb":"55555","bankaccount":"666"}}},"level":200,"level_name":"INFO","channel":"channel_name","datetime":{"date":"2018-08-20 03:48:08.539327","timezone_type":3,"timezone":"Europe/Berlin"},"extra":[]}
{"message":"4) apiUser.php","context":{"id":16},"level":200,"level_name":"INFO","channel":"channel_name","datetime":{"date":"2018-08-20 03:48:08.539385","timezone_type":3,"timezone":"Europe/Berlin"},"extra":[]}
{"message":"1) apiUser.php","context":{"op":"getUsers"},"level":200,"level_name":"INFO","channel":"channel_name","datetime":{"date":"2018-08-20 03:48:27.033582","timezone_type":3,"timezone":"Europe/Berlin"},"extra":[]}
{"message":"2) apiUser.php","context":{"op":{"op":"getUsers"}},"level":200,"level_name":"INFO","channel":"channel_name","datetime":{"date":"2018-08-20 03:48:27.033955","timezone_type":3,"timezone":"Europe/Berlin"},"extra":[]}
{"message":"1) apiUser.php","context":{"op":"save"},"level":200,"level_name":"INFO","channel":"channel_name","datetime":{"date":"2018-08-20 03:48:27.038960","timezone_type":3,"timezone":"Europe/Berlin"},"extra":[]}
{"message":"2) apiUser.php","context":{"op":{"op":"save","data":{"id":16,"name":"thtan56","password":"2222","email":"t.h.tan@dunelm.org.uk","role":"Player","address1":"35 O Jalan Tembusu","address2":"Taman Melawis","town":"Klang","firstname":"thian","lastname":"tan","postcode":"41100","country":"Malaysia","bankbsb":"333","bankaccount":"2222"}}},"level":200,"level_name":"INFO","channel":"channel_name","datetime":{"date":"2018-08-20 03:48:27.039371","timezone_type":3,"timezone":"Europe/Berlin"},"extra":[]}
{"message":"4) apiUser.php","context":{"id":16},"level":200,"level_name":"INFO","channel":"channel_name","datetime":{"date":"2018-08-20 03:48:27.039430","timezone_type":3,"timezone":"Europe/Berlin"},"extra":[]}
{"message":"1) apiUser.php","context":{"op":"getUsers"},"level":200,"level_name":"INFO","channel":"channel_name","datetime":{"date":"2018-08-20 03:51:44.646177","timezone_type":3,"timezone":"Europe/Berlin"},"extra":[]}
{"message":"2) apiUser.php","context":{"op":{"op":"getUsers"}},"level":200,"level_name":"INFO","channel":"channel_name","datetime":{"date":"2018-08-20 03:51:44.646574","timezone_type":3,"timezone":"Europe/Berlin"},"extra":[]}
{"message":"1) apiUser.php","context":{"op":"save"},"level":200,"level_name":"INFO","channel":"channel_name","datetime":{"date":"2018-08-20 03:52:09.033482","timezone_type":3,"timezone":"Europe/Berlin"},"extra":[]}
{"message":"2) apiUser.php","context":{"op":{"op":"save","data":{"id":16,"name":"thtan56","password":"33333","email":"t.h.tan@dunelm.org.uk","role":"Player","address1":"35 O Jalan Tembusu","address2":"Taman Melawis","town":"Klang","firstname":"thian","lastname":"tan","postcode":"41100","country":"Malaysia","bankbsb":"777","bankaccount":"88"}}},"level":200,"level_name":"INFO","channel":"channel_name","datetime":{"date":"2018-08-20 03:52:09.033919","timezone_type":3,"timezone":"Europe/Berlin"},"extra":[]}
{"message":"4) apiUser.php","context":{"id":16},"level":200,"level_name":"INFO","channel":"channel_name","datetime":{"date":"2018-08-20 03:52:09.033975","timezone_type":3,"timezone":"Europe/Berlin"},"extra":[]}
{"message":"1) apiUser.php","context":{"op":"getUsers"},"level":200,"level_name":"INFO","channel":"channel_name","datetime":{"date":"2018-08-20 03:52:09.065006","timezone_type":3,"timezone":"Europe/Berlin"},"extra":[]}
{"message":"2) apiUser.php","context":{"op":{"op":"getUsers"}},"level":200,"level_name":"INFO","channel":"channel_name","datetime":{"date":"2018-08-20 03:52:09.065340","timezone_type":3,"timezone":"Europe/Berlin"},"extra":[]}
{"message":"1) apiUser.php","context":{"op":"getUsers"},"level":200,"level_name":"INFO","channel":"channel_name","datetime":{"date":"2018-08-20 03:54:19.595682","timezone_type":3,"timezone":"Europe/Berlin"},"extra":[]}
{"message":"2) apiUser.php","context":{"op":{"op":"getUsers"}},"level":200,"level_name":"INFO","channel":"channel_name","datetime":{"date":"2018-08-20 03:54:19.596202","timezone_type":3,"timezone":"Europe/Berlin"},"extra":[]}
{"message":"1) apiUser.php","context":{"op":"getUsers"},"level":200,"level_name":"INFO","channel":"channel_name","datetime":{"date":"2018-08-20 05:26:43.104604","timezone_type":3,"timezone":"Europe/Berlin"},"extra":[]}
{"message":"2) apiUser.php","context":{"op":{"op":"getUsers"}},"level":200,"level_name":"INFO","channel":"channel_name","datetime":{"date":"2018-08-20 05:26:43.106062","timezone_type":3,"timezone":"Europe/Berlin"},"extra":[]}
{"message":"1) apiUser.php","context":{"op":"getUsers"},"level":200,"level_name":"INFO","channel":"channel_name","datetime":{"date":"2018-08-20 05:27:00.763267","timezone_type":3,"timezone":"Europe/Berlin"},"extra":[]}
{"message":"2) apiUser.php","context":{"op":{"op":"getUsers"}},"level":200,"level_name":"INFO","channel":"channel_name","datetime":{"date":"2018-08-20 05:27:00.763635","timezone_type":3,"timezone":"Europe/Berlin"},"extra":[]}
{"message":"1) apiUser.php","context":{"op":"getUsers"},"level":200,"level_name":"INFO","channel":"channel_name","datetime":{"date":"2018-08-20 05:32:36.660163","timezone_type":3,"timezone":"Europe/Berlin"},"extra":[]}
{"message":"2) apiUser.php","context":{"op":{"op":"getUsers"}},"level":200,"level_name":"INFO","channel":"channel_name","datetime":{"date":"2018-08-20 05:32:36.660659","timezone_type":3,"timezone":"Europe/Berlin"},"extra":[]}
{"message":"1) apiUser.php","context":{"op":"save"},"level":200,"level_name":"INFO","channel":"channel_name","datetime":{"date":"2018-08-20 05:33:35.612482","timezone_type":3,"timezone":"Europe/Berlin"},"extra":[]}
{"message":"2) apiUser.php","context":{"op":{"op":"save","data":{"id":16,"name":"thtan56","password":"33333","email":"t.h.tan@dunelm.org.uk","role":"Player","address1":"35 O Jalan Tembusu","address2":"Taman Melawis","town":"Klang","firstname":"thian","lastname":"tan","postcode":"41100","country":"Malaysia","bankbsb":"888","bankaccount":"8811"}}},"level":200,"level_name":"INFO","channel":"channel_name","datetime":{"date":"2018-08-20 05:33:35.612920","timezone_type":3,"timezone":"Europe/Berlin"},"extra":[]}
{"message":"4) apiUser.php","context":{"id":16},"level":200,"level_name":"INFO","channel":"channel_name","datetime":{"date":"2018-08-20 05:33:35.613010","timezone_type":3,"timezone":"Europe/Berlin"},"extra":[]}
{"message":"1) apiUser.php","context":{"op":"getUsers"},"level":200,"level_name":"INFO","channel":"channel_name","datetime":{"date":"2018-08-20 05:33:35.637135","timezone_type":3,"timezone":"Europe/Berlin"},"extra":[]}
{"message":"2) apiUser.php","context":{"op":{"op":"getUsers"}},"level":200,"level_name":"INFO","channel":"channel_name","datetime":{"date":"2018-08-20 05:33:35.637501","timezone_type":3,"timezone":"Europe/Berlin"},"extra":[]}
{"message":"1) apiUser.php","context":{"op":"getUsers"},"level":200,"level_name":"INFO","channel":"channel_name","datetime":{"date":"2018-08-20 05:34:09.124955","timezone_type":3,"timezone":"Europe/Berlin"},"extra":[]}
{"message":"2) apiUser.php","context":{"op":{"op":"getUsers"}},"level":200,"level_name":"INFO","channel":"channel_name","datetime":{"date":"2018-08-20 05:34:09.125333","timezone_type":3,"timezone":"Europe/Berlin"},"extra":[]}
{"message":"1) apiUser.php","context":{"op":"getUsers"},"level":200,"level_name":"INFO","channel":"channel_name","datetime":{"date":"2018-08-20 05:34:36.944342","timezone_type":3,"timezone":"Europe/Berlin"},"extra":[]}
{"message":"2) apiUser.php","context":{"op":{"op":"getUsers"}},"level":200,"level_name":"INFO","channel":"channel_name","datetime":{"date":"2018-08-20 05:34:36.944669","timezone_type":3,"timezone":"Europe/Berlin"},"extra":[]}
{"message":"1) apiUser.php","context":{"op":"getUsers"},"level":200,"level_name":"INFO","channel":"channel_name","datetime":{"date":"2018-08-20 05:35:14.902126","timezone_type":3,"timezone":"Europe/Berlin"},"extra":[]}
{"message":"2) apiUser.php","context":{"op":{"op":"getUsers"}},"level":200,"level_name":"INFO","channel":"channel_name","datetime":{"date":"2018-08-20 05:35:14.902582","timezone_type":3,"timezone":"Europe/Berlin"},"extra":[]}
{"message":"1) apiUser.php","context":{"op":"getUsers"},"level":200,"level_name":"INFO","channel":"channel_name","datetime":{"date":"2018-08-20 05:36:19.330205","timezone_type":3,"timezone":"Europe/Berlin"},"extra":[]}
{"message":"2) apiUser.php","context":{"op":{"op":"getUsers"}},"level":200,"level_name":"INFO","channel":"channel_name","datetime":{"date":"2018-08-20 05:36:19.330596","timezone_type":3,"timezone":"Europe/Berlin"},"extra":[]}
{"message":"1) apiUser.php","context":{"op":"getUsers"},"level":200,"level_name":"INFO","channel":"channel_name","datetime":{"date":"2018-08-20 05:37:28.767361","timezone_type":3,"timezone":"Europe/Berlin"},"extra":[]}
{"message":"2) apiUser.php","context":{"op":{"op":"getUsers"}},"level":200,"level_name":"INFO","channel":"channel_name","datetime":{"date":"2018-08-20 05:37:28.767757","timezone_type":3,"timezone":"Europe/Berlin"},"extra":[]}
{"message":"1) apiUser.php","context":{"op":"getUsers"},"level":200,"level_name":"INFO","channel":"channel_name","datetime":{"date":"2018-08-20 05:38:19.607344","timezone_type":3,"timezone":"Europe/Berlin"},"extra":[]}
{"message":"2) apiUser.php","context":{"op":{"op":"getUsers"}},"level":200,"level_name":"INFO","channel":"channel_name","datetime":{"date":"2018-08-20 05:38:19.607685","timezone_type":3,"timezone":"Europe/Berlin"},"extra":[]}
{"message":"1) apiUser.php","context":{"op":"getUsers"},"level":200,"level_name":"INFO","channel":"channel_name","datetime":{"date":"2018-08-20 05:39:29.599506","timezone_type":3,"timezone":"Europe/Berlin"},"extra":[]}
{"message":"2) apiUser.php","context":{"op":{"op":"getUsers"}},"level":200,"level_name":"INFO","channel":"channel_name","datetime":{"date":"2018-08-20 05:39:29.599890","timezone_type":3,"timezone":"Europe/Berlin"},"extra":[]}
{"message":"1) apiUser.php","context":{"op":"getUsers"},"level":200,"level_name":"INFO","channel":"channel_name","datetime":{"date":"2018-08-20 05:43:01.124054","timezone_type":3,"timezone":"Europe/Berlin"},"extra":[]}
{"message":"2) apiUser.php","context":{"op":{"op":"getUsers"}},"level":200,"level_name":"INFO","channel":"channel_name","datetime":{"date":"2018-08-20 05:43:01.124492","timezone_type":3,"timezone":"Europe/Berlin"},"extra":[]}
{"message":"1) apiUser.php","context":{"op":"save"},"level":200,"level_name":"INFO","channel":"channel_name","datetime":{"date":"2018-08-20 05:43:35.036013","timezone_type":3,"timezone":"Europe/Berlin"},"extra":[]}
{"message":"2) apiUser.php","context":{"op":{"op":"save","data":{"id":16,"name":"thtan56","password":"33333","email":"t.h.tan@dunelm.org.uk","role":"Player","address1":"35 O Jalan Tembusu","address2":"Taman Melawis","town":"Klang","firstname":"thian","lastname":"tan","postcode":"41100","country":"Malaysia","bankbsb":"999","bankaccount":"88112"}}},"level":200,"level_name":"INFO","channel":"channel_name","datetime":{"date":"2018-08-20 05:43:35.036437","timezone_type":3,"timezone":"Europe/Berlin"},"extra":[]}
{"message":"4) apiUser.php","context":{"id":16},"level":200,"level_name":"INFO","channel":"channel_name","datetime":{"date":"2018-08-20 05:43:35.036495","timezone_type":3,"timezone":"Europe/Berlin"},"extra":[]}
{"message":"1) apiUser.php","context":{"op":"getUsers"},"level":200,"level_name":"INFO","channel":"channel_name","datetime":{"date":"2018-08-20 05:43:35.072257","timezone_type":3,"timezone":"Europe/Berlin"},"extra":[]}
{"message":"2) apiUser.php","context":{"op":{"op":"getUsers"}},"level":200,"level_name":"INFO","channel":"channel_name","datetime":{"date":"2018-08-20 05:43:35.072609","timezone_type":3,"timezone":"Europe/Berlin"},"extra":[]}
{"message":"1) apiUser.php","context":{"op":"getUsers"},"level":200,"level_name":"INFO","channel":"channel_name","datetime":{"date":"2018-08-20 05:44:34.432240","timezone_type":3,"timezone":"Europe/Berlin"},"extra":[]}
{"message":"2) apiUser.php","context":{"op":{"op":"getUsers"}},"level":200,"level_name":"INFO","channel":"channel_name","datetime":{"date":"2018-08-20 05:44:34.432634","timezone_type":3,"timezone":"Europe/Berlin"},"extra":[]}
{"message":"1) apiUser.php","context":{"op":"getUsers"},"level":200,"level_name":"INFO","channel":"channel_name","datetime":{"date":"2018-08-20 05:46:00.398770","timezone_type":3,"timezone":"Europe/Berlin"},"extra":[]}
{"message":"2) apiUser.php","context":{"op":{"op":"getUsers"}},"level":200,"level_name":"INFO","channel":"channel_name","datetime":{"date":"2018-08-20 05:46:00.399161","timezone_type":3,"timezone":"Europe/Berlin"},"extra":[]}
{"message":"1) apiUser.php","context":{"op":"getUsers"},"level":200,"level_name":"INFO","channel":"channel_name","datetime":{"date":"2018-08-20 05:47:07.077219","timezone_type":3,"timezone":"Europe/Berlin"},"extra":[]}
{"message":"2) apiUser.php","context":{"op":{"op":"getUsers"}},"level":200,"level_name":"INFO","channel":"channel_name","datetime":{"date":"2018-08-20 05:47:07.077622","timezone_type":3,"timezone":"Europe/Berlin"},"extra":[]}
{"message":"1) apiUser.php","context":{"op":"getUsers"},"level":200,"level_name":"INFO","channel":"channel_name","datetime":{"date":"2018-08-20 05:54:06.506530","timezone_type":3,"timezone":"Europe/Berlin"},"extra":[]}
{"message":"2) apiUser.php","context":{"op":{"op":"getUsers"}},"level":200,"level_name":"INFO","channel":"channel_name","datetime":{"date":"2018-08-20 05:54:06.506932","timezone_type":3,"timezone":"Europe/Berlin"},"extra":[]}
{"message":"1) apiUser.php","context":{"op":"getUsers"},"level":200,"level_name":"INFO","channel":"channel_name","datetime":{"date":"2018-08-20 05:55:06.537213","timezone_type":3,"timezone":"Europe/Berlin"},"extra":[]}
{"message":"2) apiUser.php","context":{"op":{"op":"getUsers"}},"level":200,"level_name":"INFO","channel":"channel_name","datetime":{"date":"2018-08-20 05:55:06.537614","timezone_type":3,"timezone":"Europe/Berlin"},"extra":[]}
{"message":"1) apiUser.php","context":{"op":"getUsers"},"level":200,"level_name":"INFO","channel":"channel_name","datetime":{"date":"2018-08-20 05:55:49.271784","timezone_type":3,"timezone":"Europe/Berlin"},"extra":[]}
{"message":"2) apiUser.php","context":{"op":{"op":"getUsers"}},"level":200,"level_name":"INFO","channel":"channel_name","datetime":{"date":"2018-08-20 05:55:49.272133","timezone_type":3,"timezone":"Europe/Berlin"},"extra":[]}
{"message":"1) apiUser.php","context":{"op":"getUsers"},"level":200,"level_name":"INFO","channel":"channel_name","datetime":{"date":"2018-08-20 05:58:27.033016","timezone_type":3,"timezone":"Europe/Berlin"},"extra":[]}
{"message":"2) apiUser.php","context":{"op":{"op":"getUsers"}},"level":200,"level_name":"INFO","channel":"channel_name","datetime":{"date":"2018-08-20 05:58:27.033451","timezone_type":3,"timezone":"Europe/Berlin"},"extra":[]}
{"message":"1) apiUser.php","context":{"op":"getUsers"},"level":200,"level_name":"INFO","channel":"channel_name","datetime":{"date":"2018-08-20 06:01:42.321524","timezone_type":3,"timezone":"Europe/Berlin"},"extra":[]}
{"message":"2) apiUser.php","context":{"op":{"op":"getUsers"}},"level":200,"level_name":"INFO","channel":"channel_name","datetime":{"date":"2018-08-20 06:01:42.321907","timezone_type":3,"timezone":"Europe/Berlin"},"extra":[]}
{"message":"1) apiUser.php","context":{"op":"save"},"level":200,"level_name":"INFO","channel":"channel_name","datetime":{"date":"2018-08-20 06:02:11.670761","timezone_type":3,"timezone":"Europe/Berlin"},"extra":[]}
{"message":"2) apiUser.php","context":{"op":{"op":"save","data":{"id":16,"name":"thtan56","password":"33333","email":"t.h.tan","role":"Player","address1":"35 O Jalan Tembusu","address2":"Taman Melawis","town":"Klang","firstname":"thian","lastname":"tan","postcode":"41100","country":"Malaysia","bankbsb":"999","bankaccount":"88112"}}},"level":200,"level_name":"INFO","channel":"channel_name","datetime":{"date":"2018-08-20 06:02:11.671182","timezone_type":3,"timezone":"Europe/Berlin"},"extra":[]}
{"message":"4) apiUser.php","context":{"id":16},"level":200,"level_name":"INFO","channel":"channel_name","datetime":{"date":"2018-08-20 06:02:11.671291","timezone_type":3,"timezone":"Europe/Berlin"},"extra":[]}
{"message":"1) apiUser.php","context":{"op":"getUsers"},"level":200,"level_name":"INFO","channel":"channel_name","datetime":{"date":"2018-08-20 06:02:11.699357","timezone_type":3,"timezone":"Europe/Berlin"},"extra":[]}
{"message":"2) apiUser.php","context":{"op":{"op":"getUsers"}},"level":200,"level_name":"INFO","channel":"channel_name","datetime":{"date":"2018-08-20 06:02:11.699743","timezone_type":3,"timezone":"Europe/Berlin"},"extra":[]}
{"message":"1) apiUser.php","context":{"op":"save"},"level":200,"level_name":"INFO","channel":"channel_name","datetime":{"date":"2018-08-20 06:02:25.244112","timezone_type":3,"timezone":"Europe/Berlin"},"extra":[]}
{"message":"2) apiUser.php","context":{"op":{"op":"save","data":{"id":16,"name":"thtan56","password":"33333","email":"t.h.tan@dunelm.org.uk","role":"Player","address1":"35 O Jalan Tembusu","address2":"Taman Melawis","town":"Klang","firstname":"thian","lastname":"tan","postcode":"41100","country":"Malaysia","bankbsb":"999","bankaccount":"88112"}}},"level":200,"level_name":"INFO","channel":"channel_name","datetime":{"date":"2018-08-20 06:02:25.244488","timezone_type":3,"timezone":"Europe/Berlin"},"extra":[]}
{"message":"4) apiUser.php","context":{"id":16},"level":200,"level_name":"INFO","channel":"channel_name","datetime":{"date":"2018-08-20 06:02:25.244545","timezone_type":3,"timezone":"Europe/Berlin"},"extra":[]}
{"message":"1) apiUser.php","context":{"op":"getUsers"},"level":200,"level_name":"INFO","channel":"channel_name","datetime":{"date":"2018-08-20 06:02:25.275722","timezone_type":3,"timezone":"Europe/Berlin"},"extra":[]}
{"message":"2) apiUser.php","context":{"op":{"op":"getUsers"}},"level":200,"level_name":"INFO","channel":"channel_name","datetime":{"date":"2018-08-20 06:02:25.276037","timezone_type":3,"timezone":"Europe/Berlin"},"extra":[]}
{"message":"1) apiUser.php","context":{"op":"getUsers"},"level":200,"level_name":"INFO","channel":"channel_name","datetime":{"date":"2018-08-20 06:04:43.381502","timezone_type":3,"timezone":"Europe/Berlin"},"extra":[]}
{"message":"2) apiUser.php","context":{"op":{"op":"getUsers"}},"level":200,"level_name":"INFO","channel":"channel_name","datetime":{"date":"2018-08-20 06:04:43.381908","timezone_type":3,"timezone":"Europe/Berlin"},"extra":[]}
{"message":"1) apiUser.php","context":{"op":"save"},"level":200,"level_name":"INFO","channel":"channel_name","datetime":{"date":"2018-08-20 06:05:18.772782","timezone_type":3,"timezone":"Europe/Berlin"},"extra":[]}
{"message":"2) apiUser.php","context":{"op":{"op":"save","data":{"id":16,"name":"thtan56","password":"33333","email":"t.h.tan@dunelm.org.uk","role":"Player","address1":"35 O Jalan Tembusu","address2":"Taman Melawis","town":"Klang","firstname":"thian","lastname":"tan","postcode":"41100","country":"Malaysia","bankbsb":"999","bankaccount":"88112"}}},"level":200,"level_name":"INFO","channel":"channel_name","datetime":{"date":"2018-08-20 06:05:18.773212","timezone_type":3,"timezone":"Europe/Berlin"},"extra":[]}
{"message":"4) apiUser.php","context":{"id":16},"level":200,"level_name":"INFO","channel":"channel_name","datetime":{"date":"2018-08-20 06:05:18.773270","timezone_type":3,"timezone":"Europe/Berlin"},"extra":[]}
{"message":"1) apiUser.php","context":{"op":"getUsers"},"level":200,"level_name":"INFO","channel":"channel_name","datetime":{"date":"2018-08-20 06:05:18.803230","timezone_type":3,"timezone":"Europe/Berlin"},"extra":[]}
{"message":"2) apiUser.php","context":{"op":{"op":"getUsers"}},"level":200,"level_name":"INFO","channel":"channel_name","datetime":{"date":"2018-08-20 06:05:18.803572","timezone_type":3,"timezone":"Europe/Berlin"},"extra":[]}
{"message":"1) apiUser.php","context":{"op":"getUsers"},"level":200,"level_name":"INFO","channel":"channel_name","datetime":{"date":"2018-08-20 06:08:39.941817","timezone_type":3,"timezone":"Europe/Berlin"},"extra":[]}
{"message":"2) apiUser.php","context":{"op":{"op":"getUsers"}},"level":200,"level_name":"INFO","channel":"channel_name","datetime":{"date":"2018-08-20 06:08:39.942274","timezone_type":3,"timezone":"Europe/Berlin"},"extra":[]}
{"message":"1) apiUser.php","context":{"op":"getUsers"},"level":200,"level_name":"INFO","channel":"channel_name","datetime":{"date":"2018-08-20 06:09:57.871342","timezone_type":3,"timezone":"Europe/Berlin"},"extra":[]}
{"message":"2) apiUser.php","context":{"op":{"op":"getUsers"}},"level":200,"level_name":"INFO","channel":"channel_name","datetime":{"date":"2018-08-20 06:09:57.871760","timezone_type":3,"timezone":"Europe/Berlin"},"extra":[]}
{"message":"1) apiUser.php","context":{"op":"save"},"level":200,"level_name":"INFO","channel":"channel_name","datetime":{"date":"2018-08-20 06:10:09.879460","timezone_type":3,"timezone":"Europe/Berlin"},"extra":[]}
{"message":"2) apiUser.php","context":{"op":{"op":"save","data":{"id":16,"name":"thtan56","password":"33333","email":"t.h.tan@dunelm.org.uk","role":"manager","address1":"35 O Jalan Tembusu","address2":"Taman Melawis","town":"Klang","firstname":"thian","lastname":"tan","postcode":"41100","country":"China","bankbsb":"999","bankaccount":"88112"}}},"level":200,"level_name":"INFO","channel":"channel_name","datetime":{"date":"2018-08-20 06:10:09.879836","timezone_type":3,"timezone":"Europe/Berlin"},"extra":[]}
{"message":"4) apiUser.php","context":{"id":16},"level":200,"level_name":"INFO","channel":"channel_name","datetime":{"date":"2018-08-20 06:10:09.879894","timezone_type":3,"timezone":"Europe/Berlin"},"extra":[]}
{"message":"1) apiUser.php","context":{"op":"getUsers"},"level":200,"level_name":"INFO","channel":"channel_name","datetime":{"date":"2018-08-20 06:10:09.920956","timezone_type":3,"timezone":"Europe/Berlin"},"extra":[]}
{"message":"2) apiUser.php","context":{"op":{"op":"getUsers"}},"level":200,"level_name":"INFO","channel":"channel_name","datetime":{"date":"2018-08-20 06:10:09.921281","timezone_type":3,"timezone":"Europe/Berlin"},"extra":[]}
{"message":"1) apiUser.php","context":{"op":"getUsers"},"level":200,"level_name":"INFO","channel":"channel_name","datetime":{"date":"2018-08-20 06:11:14.021774","timezone_type":3,"timezone":"Europe/Berlin"},"extra":[]}
{"message":"2) apiUser.php","context":{"op":{"op":"getUsers"}},"level":200,"level_name":"INFO","channel":"channel_name","datetime":{"date":"2018-08-20 06:11:14.022179","timezone_type":3,"timezone":"Europe/Berlin"},"extra":[]}
{"message":"1) apiUser.php","context":{"op":"getUsers"},"level":200,"level_name":"INFO","channel":"channel_name","datetime":{"date":"2018-08-20 06:12:18.742908","timezone_type":3,"timezone":"Europe/Berlin"},"extra":[]}
{"message":"2) apiUser.php","context":{"op":{"op":"getUsers"}},"level":200,"level_name":"INFO","channel":"channel_name","datetime":{"date":"2018-08-20 06:12:18.743329","timezone_type":3,"timezone":"Europe/Berlin"},"extra":[]}
{"message":"1) apiUser.php","context":{"op":"getUsers"},"level":200,"level_name":"INFO","channel":"channel_name","datetime":{"date":"2018-08-20 06:14:06.944136","timezone_type":3,"timezone":"Europe/Berlin"},"extra":[]}
{"message":"2) apiUser.php","context":{"op":{"op":"getUsers"}},"level":200,"level_name":"INFO","channel":"channel_name","datetime":{"date":"2018-08-20 06:14:06.944550","timezone_type":3,"timezone":"Europe/Berlin"},"extra":[]}
{"message":"1) apiUser.php","context":{"op":"getUsers"},"level":200,"level_name":"INFO","channel":"channel_name","datetime":{"date":"2018-08-20 06:15:06.071705","timezone_type":3,"timezone":"Europe/Berlin"},"extra":[]}
{"message":"2) apiUser.php","context":{"op":{"op":"getUsers"}},"level":200,"level_name":"INFO","channel":"channel_name","datetime":{"date":"2018-08-20 06:15:06.072142","timezone_type":3,"timezone":"Europe/Berlin"},"extra":[]}
{"message":"1) apiUser.php","context":{"op":"getUsers"},"level":200,"level_name":"INFO","channel":"channel_name","datetime":{"date":"2018-08-20 06:15:39.488964","timezone_type":3,"timezone":"Europe/Berlin"},"extra":[]}
{"message":"2) apiUser.php","context":{"op":{"op":"getUsers"}},"level":200,"level_name":"INFO","channel":"channel_name","datetime":{"date":"2018-08-20 06:15:39.489392","timezone_type":3,"timezone":"Europe/Berlin"},"extra":[]}
{"message":"1) apiUser.php","context":{"op":"getUsers"},"level":200,"level_name":"INFO","channel":"channel_name","datetime":{"date":"2018-08-20 06:16:55.367657","timezone_type":3,"timezone":"Europe/Berlin"},"extra":[]}
{"message":"2) apiUser.php","context":{"op":{"op":"getUsers"}},"level":200,"level_name":"INFO","channel":"channel_name","datetime":{"date":"2018-08-20 06:16:55.368073","timezone_type":3,"timezone":"Europe/Berlin"},"extra":[]}
{"message":"1) apiUser.php","context":{"op":"getUsers"},"level":200,"level_name":"INFO","channel":"channel_name","datetime":{"date":"2018-08-20 06:29:33.392716","timezone_type":3,"timezone":"Europe/Berlin"},"extra":[]}
{"message":"2) apiUser.php","context":{"op":{"op":"getUsers"}},"level":200,"level_name":"INFO","channel":"channel_name","datetime":{"date":"2018-08-20 06:29:33.393122","timezone_type":3,"timezone":"Europe/Berlin"},"extra":[]}
{"message":"1) apiUser.php","context":{"op":"getUsers"},"level":200,"level_name":"INFO","channel":"channel_name","datetime":{"date":"2018-08-20 06:33:53.065994","timezone_type":3,"timezone":"Europe/Berlin"},"extra":[]}
{"message":"2) apiUser.php","context":{"op":{"op":"getUsers"}},"level":200,"level_name":"INFO","channel":"channel_name","datetime":{"date":"2018-08-20 06:33:53.066404","timezone_type":3,"timezone":"Europe/Berlin"},"extra":[]}
{"message":"1) apiUser.php","context":{"op":"delete"},"level":200,"level_name":"INFO","channel":"channel_name","datetime":{"date":"2018-08-20 06:34:27.431260","timezone_type":3,"timezone":"Europe/Berlin"},"extra":[]}
{"message":"2) apiUser.php","context":{"op":{"op":"delete","id":30}},"level":200,"level_name":"INFO","channel":"channel_name","datetime":{"date":"2018-08-20 06:34:27.431689","timezone_type":3,"timezone":"Europe/Berlin"},"extra":[]}
{"message":"1) apiUser.php","context":{"op":"getUsers"},"level":200,"level_name":"INFO","channel":"channel_name","datetime":{"date":"2018-08-20 06:34:32.558474","timezone_type":3,"timezone":"Europe/Berlin"},"extra":[]}
{"message":"2) apiUser.php","context":{"op":{"op":"getUsers"}},"level":200,"level_name":"INFO","channel":"channel_name","datetime":{"date":"2018-08-20 06:34:32.558894","timezone_type":3,"timezone":"Europe/Berlin"},"extra":[]}
{"message":"1) apiUser.php","context":{"op":"getUsers"},"level":200,"level_name":"INFO","channel":"channel_name","datetime":{"date":"2018-08-20 06:36:36.182424","timezone_type":3,"timezone":"Europe/Berlin"},"extra":[]}
{"message":"2) apiUser.php","context":{"op":{"op":"getUsers"}},"level":200,"level_name":"INFO","channel":"channel_name","datetime":{"date":"2018-08-20 06:36:36.182839","timezone_type":3,"timezone":"Europe/Berlin"},"extra":[]}
{"message":"1) apiUser.php","context":{"op":"getUsers"},"level":200,"level_name":"INFO","channel":"channel_name","datetime":{"date":"2018-08-20 06:37:44.339450","timezone_type":3,"timezone":"Europe/Berlin"},"extra":[]}
{"message":"2) apiUser.php","context":{"op":{"op":"getUsers"}},"level":200,"level_name":"INFO","channel":"channel_name","datetime":{"date":"2018-08-20 06:37:44.339867","timezone_type":3,"timezone":"Europe/Berlin"},"extra":[]}
{"message":"1) apiUser.php","context":{"op":"save"},"level":200,"level_name":"INFO","channel":"channel_name","datetime":{"date":"2018-08-20 06:38:13.572851","timezone_type":3,"timezone":"Europe/Berlin"},"extra":[]}
{"message":"2) apiUser.php","context":{"op":{"op":"save","data":{"id":0,"name":"thtan55","password":"cancer","email":"t.h.tan@dunelm.org.uk","role":"player","address1":"35 O Jalan Tembusu","address2":"Taman Melawis","town":"Klang","firstname":"thian","lastname":"tan","postcode":"41100","country":"Canada","bankbsb":"333","bankaccount":"444"}}},"level":200,"level_name":"INFO","channel":"channel_name","datetime":{"date":"2018-08-20 06:38:13.573255","timezone_type":3,"timezone":"Europe/Berlin"},"extra":[]}
{"message":"3) apiUser.php","context":{"id":0},"level":200,"level_name":"INFO","channel":"channel_name","datetime":{"date":"2018-08-20 06:38:13.573308","timezone_type":3,"timezone":"Europe/Berlin"},"extra":[]}
{"message":"1) apiUser.php","context":{"op":"getUsers"},"level":200,"level_name":"INFO","channel":"channel_name","datetime":{"date":"2018-08-20 06:38:13.606544","timezone_type":3,"timezone":"Europe/Berlin"},"extra":[]}
{"message":"2) apiUser.php","context":{"op":{"op":"getUsers"}},"level":200,"level_name":"INFO","channel":"channel_name","datetime":{"date":"2018-08-20 06:38:13.606884","timezone_type":3,"timezone":"Europe/Berlin"},"extra":[]}
{"message":"1) apiUser.php","context":{"op":"getUsers"},"level":200,"level_name":"INFO","channel":"channel_name","datetime":{"date":"2018-08-20 06:41:02.523140","timezone_type":3,"timezone":"Europe/Berlin"},"extra":[]}
{"message":"2) apiUser.php","context":{"op":{"op":"getUsers"}},"level":200,"level_name":"INFO","channel":"channel_name","datetime":{"date":"2018-08-20 06:41:02.523531","timezone_type":3,"timezone":"Europe/Berlin"},"extra":[]}
{"message":"1) apiUser.php","context":{"op":"getUsers"},"level":200,"level_name":"INFO","channel":"channel_name","datetime":{"date":"2018-08-20 06:42:21.729559","timezone_type":3,"timezone":"Europe/Berlin"},"extra":[]}
{"message":"2) apiUser.php","context":{"op":{"op":"getUsers"}},"level":200,"level_name":"INFO","channel":"channel_name","datetime":{"date":"2018-08-20 06:42:21.729946","timezone_type":3,"timezone":"Europe/Berlin"},"extra":[]}
{"message":"1) apiUser.php","context":{"op":"getUsers"},"level":200,"level_name":"INFO","channel":"channel_name","datetime":{"date":"2018-08-20 06:43:54.690310","timezone_type":3,"timezone":"Europe/Berlin"},"extra":[]}
{"message":"2) apiUser.php","context":{"op":{"op":"getUsers"}},"level":200,"level_name":"INFO","channel":"channel_name","datetime":{"date":"2018-08-20 06:43:54.690701","timezone_type":3,"timezone":"Europe/Berlin"},"extra":[]}
{"message":"1) apiUser.php","context":{"op":"getUsers"},"level":200,"level_name":"INFO","channel":"channel_name","datetime":{"date":"2018-08-20 06:44:33.100321","timezone_type":3,"timezone":"Europe/Berlin"},"extra":[]}
{"message":"2) apiUser.php","context":{"op":{"op":"getUsers"}},"level":200,"level_name":"INFO","channel":"channel_name","datetime":{"date":"2018-08-20 06:44:33.100766","timezone_type":3,"timezone":"Europe/Berlin"},"extra":[]}
{"message":"1) apiUser.php","context":{"op":"getUsers"},"level":200,"level_name":"INFO","channel":"channel_name","datetime":{"date":"2018-08-20 06:45:43.946772","timezone_type":3,"timezone":"Europe/Berlin"},"extra":[]}
{"message":"2) apiUser.php","context":{"op":{"op":"getUsers"}},"level":200,"level_name":"INFO","channel":"channel_name","datetime":{"date":"2018-08-20 06:45:43.947180","timezone_type":3,"timezone":"Europe/Berlin"},"extra":[]}
{"message":"1) apiUser.php","context":{"op":"getUsers"},"level":200,"level_name":"INFO","channel":"channel_name","datetime":{"date":"2018-08-20 06:48:03.195066","timezone_type":3,"timezone":"Europe/Berlin"},"extra":[]}
{"message":"2) apiUser.php","context":{"op":{"op":"getUsers"}},"level":200,"level_name":"INFO","channel":"channel_name","datetime":{"date":"2018-08-20 06:48:03.195496","timezone_type":3,"timezone":"Europe/Berlin"},"extra":[]}
{"message":"1) apiUser.php","context":{"op":"getUsers"},"level":200,"level_name":"INFO","channel":"channel_name","datetime":{"date":"2018-08-20 06:48:52.191134","timezone_type":3,"timezone":"Europe/Berlin"},"extra":[]}
{"message":"2) apiUser.php","context":{"op":{"op":"getUsers"}},"level":200,"level_name":"INFO","channel":"channel_name","datetime":{"date":"2018-08-20 06:48:52.191539","timezone_type":3,"timezone":"Europe/Berlin"},"extra":[]}
{"message":"1) apiUser.php","context":{"op":"save"},"level":200,"level_name":"INFO","channel":"channel_name","datetime":{"date":"2018-08-20 06:52:50.631064","timezone_type":3,"timezone":"Europe/Berlin"},"extra":[]}
{"message":"2) apiUser.php","context":{"op":{"op":"save","data":{"id":0,"firstname":"thian","lastname":"tan","name":"thian huat tan","password":"sdfasd","email":"t.h.tan@yahoo","role":"manager","address1":"35 O Jalan Tembusu","address2":"Taman Melawis","town":"Klang","postcode":"41100","country":"Canada","bankbsb":"123","bankaccount":"222"}}},"level":200,"level_name":"INFO","channel":"channel_name","datetime":{"date":"2018-08-20 06:52:50.631512","timezone_type":3,"timezone":"Europe/Berlin"},"extra":[]}
{"message":"3) apiUser.php","context":{"id":0},"level":200,"level_name":"INFO","channel":"channel_name","datetime":{"date":"2018-08-20 06:52:50.631619","timezone_type":3,"timezone":"Europe/Berlin"},"extra":[]}
{"message":"1) apiUser.php","context":{"op":"getUsers"},"level":200,"level_name":"INFO","channel":"channel_name","datetime":{"date":"2018-08-20 06:52:58.730782","timezone_type":3,"timezone":"Europe/Berlin"},"extra":[]}
{"message":"2) apiUser.php","context":{"op":{"op":"getUsers"}},"level":200,"level_name":"INFO","channel":"channel_name","datetime":{"date":"2018-08-20 06:52:58.731140","timezone_type":3,"timezone":"Europe/Berlin"},"extra":[]}
{"message":"1) apiUser.php","context":{"op":"getUsers"},"level":200,"level_name":"INFO","channel":"channel_name","datetime":{"date":"2018-08-20 06:53:15.117015","timezone_type":3,"timezone":"Europe/Berlin"},"extra":[]}
{"message":"2) apiUser.php","context":{"op":{"op":"getUsers"}},"level":200,"level_name":"INFO","channel":"channel_name","datetime":{"date":"2018-08-20 06:53:15.117403","timezone_type":3,"timezone":"Europe/Berlin"},"extra":[]}
{"message":"1) apiUser.php","context":{"op":"getUsers"},"level":200,"level_name":"INFO","channel":"channel_name","datetime":{"date":"2018-08-20 06:53:26.425477","timezone_type":3,"timezone":"Europe/Berlin"},"extra":[]}
{"message":"2) apiUser.php","context":{"op":{"op":"getUsers"}},"level":200,"level_name":"INFO","channel":"channel_name","datetime":{"date":"2018-08-20 06:53:26.425838","timezone_type":3,"timezone":"Europe/Berlin"},"extra":[]}
{"message":"1) apiUser.php","context":{"op":"save"},"level":200,"level_name":"INFO","channel":"channel_name","datetime":{"date":"2018-08-20 06:56:12.545527","timezone_type":3,"timezone":"Europe/Berlin"},"extra":[]}
{"message":"2) apiUser.php","context":{"op":{"op":"save","data":{"id":0,"firstname":"dsfs","lastname":"dsf","name":"sfsdfa","password":"werwqe","email":"thtan@batu","role":"sdfs","address1":"sdfs","address2":"erew","town":"dsf","postcode":"dsdf","country":"Canada","bankbsb":"sdf","bankaccount":"dfs"}}},"level":200,"level_name":"INFO","channel":"channel_name","datetime":{"date":"2018-08-20 06:56:12.545977","timezone_type":3,"timezone":"Europe/Berlin"},"extra":[]}
{"message":"3) apiUser.php","context":{"id":0},"level":200,"level_name":"INFO","channel":"channel_name","datetime":{"date":"2018-08-20 06:56:12.546039","timezone_type":3,"timezone":"Europe/Berlin"},"extra":[]}
{"message":"1) apiUser.php","context":{"op":"save"},"level":200,"level_name":"INFO","channel":"channel_name","datetime":{"date":"2018-08-20 06:58:46.224953","timezone_type":3,"timezone":"Europe/Berlin"},"extra":[]}
{"message":"2) apiUser.php","context":{"op":{"op":"save","data":{"id":0,"firstname":"dsfs","lastname":"dsf","name":"sdfas","password":"ete","email":"thtan56@batu2","role":"sdfs","address1":"sdfs","address2":"erew","town":"dsf","postcode":"dsdf","country":"Canada","bankbsb":"sdf","bankaccount":"dfs"}}},"level":200,"level_name":"INFO","channel":"channel_name","datetime":{"date":"2018-08-20 06:58:46.225394","timezone_type":3,"timezone":"Europe/Berlin"},"extra":[]}
{"message":"3) apiUser.php","context":{"id":0},"level":200,"level_name":"INFO","channel":"channel_name","datetime":{"date":"2018-08-20 06:58:46.225453","timezone_type":3,"timezone":"Europe/Berlin"},"extra":[]}
{"message":"1) apiUser.php","context":{"op":"getUsers"},"level":200,"level_name":"INFO","channel":"channel_name","datetime":{"date":"2018-08-20 06:59:26.436291","timezone_type":3,"timezone":"Europe/Berlin"},"extra":[]}
{"message":"2) apiUser.php","context":{"op":{"op":"getUsers"}},"level":200,"level_name":"INFO","channel":"channel_name","datetime":{"date":"2018-08-20 06:59:26.436671","timezone_type":3,"timezone":"Europe/Berlin"},"extra":[]}
{"message":"1) apiUser.php","context":{"op":"getUsers"},"level":200,"level_name":"INFO","channel":"channel_name","datetime":{"date":"2018-08-20 06:59:28.612235","timezone_type":3,"timezone":"Europe/Berlin"},"extra":[]}
{"message":"2) apiUser.php","context":{"op":{"op":"getUsers"}},"level":200,"level_name":"INFO","channel":"channel_name","datetime":{"date":"2018-08-20 06:59:28.612616","timezone_type":3,"timezone":"Europe/Berlin"},"extra":[]}
{"message":"1) apiUser.php","context":{"op":"save"},"level":200,"level_name":"INFO","channel":"channel_name","datetime":{"date":"2018-08-20 07:01:35.449287","timezone_type":3,"timezone":"Europe/Berlin"},"extra":[]}
{"message":"2) apiUser.php","context":{"op":{"op":"save","data":{"id":0,"firstname":"thian","lastname":"tan","name":"thian huat tan","password":"sdfs","email":"thtan@batu3","role":"player","address1":"35 O Jalan Tembusu","address2":"Taman Melawis","town":"Klang","postcode":"41100","country":"Canada","bankbsb":"","bankaccount":""}}},"level":200,"level_name":"INFO","channel":"channel_name","datetime":{"date":"2018-08-20 07:01:35.449745","timezone_type":3,"timezone":"Europe/Berlin"},"extra":[]}
{"message":"3) apiUser.php","context":{"id":0},"level":200,"level_name":"INFO","channel":"channel_name","datetime":{"date":"2018-08-20 07:01:35.449799","timezone_type":3,"timezone":"Europe/Berlin"},"extra":[]}
{"message":"1) apiUser.php","context":{"op":"save"},"level":200,"level_name":"INFO","channel":"channel_name","datetime":{"date":"2018-08-20 07:05:03.711087","timezone_type":3,"timezone":"Europe/Berlin"},"extra":[]}
{"message":"2) apiUser.php","context":{"op":{"op":"save","data":{"id":0,"firstname":"thian","lastname":"tan","name":"thian huat tan","password":"sdfas","email":"thtan55@batu5","role":"","address1":"35 O Jalan Tembusu","address2":"Taman Melawis","town":"Klang","postcode":"41100","country":"Canada","bankbsb":"123","bankaccount":"123"}}},"level":200,"level_name":"INFO","channel":"channel_name","datetime":{"date":"2018-08-20 07:05:03.711512","timezone_type":3,"timezone":"Europe/Berlin"},"extra":[]}
{"message":"3) apiUser.php","context":{"id":0},"level":200,"level_name":"INFO","channel":"channel_name","datetime":{"date":"2018-08-20 07:05:03.711567","timezone_type":3,"timezone":"Europe/Berlin"},"extra":[]}
{"message":"1) apiUser.php","context":{"op":"getUsers"},"level":200,"level_name":"INFO","channel":"channel_name","datetime":{"date":"2018-08-20 07:05:24.970235","timezone_type":3,"timezone":"Europe/Berlin"},"extra":[]}
{"message":"2) apiUser.php","context":{"op":{"op":"getUsers"}},"level":200,"level_name":"INFO","channel":"channel_name","datetime":{"date":"2018-08-20 07:05:24.970631","timezone_type":3,"timezone":"Europe/Berlin"},"extra":[]}
{"message":"1) apiUser.php","context":{"op":"getUsers"},"level":200,"level_name":"INFO","channel":"channel_name","datetime":{"date":"2018-08-20 07:13:16.897090","timezone_type":3,"timezone":"Europe/Berlin"},"extra":[]}
{"message":"2) apiUser.php","context":{"op":{"op":"getUsers"}},"level":200,"level_name":"INFO","channel":"channel_name","datetime":{"date":"2018-08-20 07:13:16.897576","timezone_type":3,"timezone":"Europe/Berlin"},"extra":[]}
{"message":"1) apiUser.php","context":{"op":"getUsers"},"level":200,"level_name":"INFO","channel":"channel_name","datetime":{"date":"2018-08-20 07:14:08.784738","timezone_type":3,"timezone":"Europe/Berlin"},"extra":[]}
{"message":"2) apiUser.php","context":{"op":{"op":"getUsers"}},"level":200,"level_name":"INFO","channel":"channel_name","datetime":{"date":"2018-08-20 07:14:08.785143","timezone_type":3,"timezone":"Europe/Berlin"},"extra":[]}
{"message":"1) apiUser.php","context":{"op":"getUsers"},"level":200,"level_name":"INFO","channel":"channel_name","datetime":{"date":"2018-08-20 07:15:05.580522","timezone_type":3,"timezone":"Europe/Berlin"},"extra":[]}
{"message":"2) apiUser.php","context":{"op":{"op":"getUsers"}},"level":200,"level_name":"INFO","channel":"channel_name","datetime":{"date":"2018-08-20 07:15:05.580866","timezone_type":3,"timezone":"Europe/Berlin"},"extra":[]}
{"message":"1) apiUser.php","context":{"op":"getUsers"},"level":200,"level_name":"INFO","channel":"channel_name","datetime":{"date":"2018-08-20 07:16:44.200664","timezone_type":3,"timezone":"Europe/Berlin"},"extra":[]}
{"message":"2) apiUser.php","context":{"op":{"op":"getUsers"}},"level":200,"level_name":"INFO","channel":"channel_name","datetime":{"date":"2018-08-20 07:16:44.201044","timezone_type":3,"timezone":"Europe/Berlin"},"extra":[]}
{"message":"1) apiUser.php","context":{"op":"save"},"level":200,"level_name":"INFO","channel":"channel_name","datetime":{"date":"2018-08-20 07:18:24.810027","timezone_type":3,"timezone":"Europe/Berlin"},"extra":[]}
{"message":"2) apiUser.php","context":{"op":{"op":"save","data":{"id":36,"name":"thtan59","password":"sdfs","email":"thtan@batu3.com","role":"player","address1":"35 O Jalan Tembusu","address2":"Taman Melawis","town":"Klang","firstname":"thian","lastname":"tan","postcode":"41100","country":"Canada","bankbsb":"","bankaccount":""}}},"level":200,"level_name":"INFO","channel":"channel_name","datetime":{"date":"2018-08-20 07:18:24.810417","timezone_type":3,"timezone":"Europe/Berlin"},"extra":[]}
{"message":"4) apiUser.php","context":{"id":36},"level":200,"level_name":"INFO","channel":"channel_name","datetime":{"date":"2018-08-20 07:18:24.810477","timezone_type":3,"timezone":"Europe/Berlin"},"extra":[]}
{"message":"1) apiUser.php","context":{"op":"getUsers"},"level":200,"level_name":"INFO","channel":"channel_name","datetime":{"date":"2018-08-20 07:18:24.846139","timezone_type":3,"timezone":"Europe/Berlin"},"extra":[]}
{"message":"2) apiUser.php","context":{"op":{"op":"getUsers"}},"level":200,"level_name":"INFO","channel":"channel_name","datetime":{"date":"2018-08-20 07:18:24.846479","timezone_type":3,"timezone":"Europe/Berlin"},"extra":[]}
{"message":"1) apiUser.php","context":{"op":"save"},"level":200,"level_name":"INFO","channel":"channel_name","datetime":{"date":"2018-08-20 07:19:19.709343","timezone_type":3,"timezone":"Europe/Berlin"},"extra":[]}
{"message":"2) apiUser.php","context":{"op":{"op":"save","data":{"id":34,"name":"peters lim","password":"werwqe","email":"thtan@batu.com","role":"sdfs","address1":"sdfs","address2":"erew","town":"dsf","firstname":"dsfs","lastname":"dsf","postcode":"dsdf","country":"Canada","bankbsb":"sdf","bankaccount":"dfs"}}},"level":200,"level_name":"INFO","channel":"channel_name","datetime":{"date":"2018-08-20 07:19:19.709812","timezone_type":3,"timezone":"Europe/Berlin"},"extra":[]}
{"message":"4) apiUser.php","context":{"id":34},"level":200,"level_name":"INFO","channel":"channel_name","datetime":{"date":"2018-08-20 07:19:19.709882","timezone_type":3,"timezone":"Europe/Berlin"},"extra":[]}
{"message":"1) apiUser.php","context":{"op":"getUsers"},"level":200,"level_name":"INFO","channel":"channel_name","datetime":{"date":"2018-08-20 07:19:19.747300","timezone_type":3,"timezone":"Europe/Berlin"},"extra":[]}
{"message":"2) apiUser.php","context":{"op":{"op":"getUsers"}},"level":200,"level_name":"INFO","channel":"channel_name","datetime":{"date":"2018-08-20 07:19:19.747619","timezone_type":3,"timezone":"Europe/Berlin"},"extra":[]}
{"message":"1) apiUser.php","context":{"op":"getUsers"},"level":200,"level_name":"INFO","channel":"channel_name","datetime":{"date":"2018-08-20 07:19:40.100803","timezone_type":3,"timezone":"Europe/Berlin"},"extra":[]}
{"message":"2) apiUser.php","context":{"op":{"op":"getUsers"}},"level":200,"level_name":"INFO","channel":"channel_name","datetime":{"date":"2018-08-20 07:19:40.101198","timezone_type":3,"timezone":"Europe/Berlin"},"extra":[]}
{"message":"1) apiUser.php","context":{"op":"getUsers"},"level":200,"level_name":"INFO","channel":"channel_name","datetime":{"date":"2018-08-20 11:16:05.158936","timezone_type":3,"timezone":"Europe/Berlin"},"extra":[]}
{"message":"2) apiUser.php","context":{"op":{"op":"getUsers"}},"level":200,"level_name":"INFO","channel":"channel_name","datetime":{"date":"2018-08-20 11:16:05.160446","timezone_type":3,"timezone":"Europe/Berlin"},"extra":[]}
{"message":"1) apiUser.php","context":{"op":"save"},"level":200,"level_name":"INFO","channel":"channel_name","datetime":{"date":"2018-08-20 11:16:51.447175","timezone_type":3,"timezone":"Europe/Berlin"},"extra":[]}
{"message":"2) apiUser.php","context":{"op":{"op":"save","data":{"id":37,"name":"thtan99","password":"sdfas","email":"thtan56@gmail.com","role":"","address1":"35 O Jalan Tembusu","address2":"Taman Melawis","town":"Klang","firstname":"thian","lastname":"tan","postcode":"41100","country":"Canada","bankbsb":"123","bankaccount":"123"}}},"level":200,"level_name":"INFO","channel":"channel_name","datetime":{"date":"2018-08-20 11:16:51.447582","timezone_type":3,"timezone":"Europe/Berlin"},"extra":[]}
{"message":"4) apiUser.php","context":{"id":37},"level":200,"level_name":"INFO","channel":"channel_name","datetime":{"date":"2018-08-20 11:16:51.447678","timezone_type":3,"timezone":"Europe/Berlin"},"extra":[]}
{"message":"1) apiUser.php","context":{"op":"getUsers"},"level":200,"level_name":"INFO","channel":"channel_name","datetime":{"date":"2018-08-20 11:16:51.560697","timezone_type":3,"timezone":"Europe/Berlin"},"extra":[]}
{"message":"2) apiUser.php","context":{"op":{"op":"getUsers"}},"level":200,"level_name":"INFO","channel":"channel_name","datetime":{"date":"2018-08-20 11:16:51.561051","timezone_type":3,"timezone":"Europe/Berlin"},"extra":[]}
{"message":"1) apiUser.php","context":{"op":"getUsers"},"level":200,"level_name":"INFO","channel":"channel_name","datetime":{"date":"2018-08-20 11:51:33.403965","timezone_type":3,"timezone":"Europe/Berlin"},"extra":[]}
{"message":"2) apiUser.php","context":{"op":{"op":"getUsers"}},"level":200,"level_name":"INFO","channel":"channel_name","datetime":{"date":"2018-08-20 11:51:33.404587","timezone_type":3,"timezone":"Europe/Berlin"},"extra":[]}
{"message":"1) apiUser.php","context":{"op":"save"},"level":200,"level_name":"INFO","channel":"channel_name","datetime":{"date":"2018-08-20 12:02:15.667142","timezone_type":3,"timezone":"Europe/Berlin"},"extra":[]}
{"message":"2) apiUser.php","context":{"op":{"op":"save","data":{"id":0,"firstname":"sdfas","lastname":"sdf","name":"1111111111","password":"222222","email":"thtan98@yahoo.com","role":"sdfas","address1":"sda","address2":"dsf","town":"dsf","postcode":"sdf","country":"Australia","bankbsb":"sdf","bankaccount":"sdf"}}},"level":200,"level_name":"INFO","channel":"channel_name","datetime":{"date":"2018-08-20 12:02:15.667687","timezone_type":3,"timezone":"Europe/Berlin"},"extra":[]}
{"message":"3) apiUser.php","context":{"id":0},"level":200,"level_name":"INFO","channel":"channel_name","datetime":{"date":"2018-08-20 12:02:15.667745","timezone_type":3,"timezone":"Europe/Berlin"},"extra":[]}
{"message":"1) apiUser.php","context":{"op":"getUsers"},"level":200,"level_name":"INFO","channel":"channel_name","datetime":{"date":"2018-08-20 14:12:08.413212","timezone_type":3,"timezone":"Europe/Berlin"},"extra":[]}
{"message":"2) apiUser.php","context":{"op":{"op":"getUsers"}},"level":200,"level_name":"INFO","channel":"channel_name","datetime":{"date":"2018-08-20 14:12:08.414638","timezone_type":3,"timezone":"Europe/Berlin"},"extra":[]}
{"message":"1) apiUser.php","context":{"op":"getUsers"},"level":200,"level_name":"INFO","channel":"channel_name","datetime":{"date":"2018-08-23 15:37:43.598291","timezone_type":3,"timezone":"Europe/Berlin"},"extra":[]}
{"message":"2) apiUser.php","context":{"op":{"op":"getUsers"}},"level":200,"level_name":"INFO","channel":"channel_name","datetime":{"date":"2018-08-23 15:37:43.598837","timezone_type":3,"timezone":"Europe/Berlin"},"extra":[]}
{"message":"1) apiUser.php","context":{"op":"getUsers"},"level":200,"level_name":"INFO","channel":"channel_name","datetime":{"date":"2018-08-23 15:40:00.333238","timezone_type":3,"timezone":"Europe/Berlin"},"extra":[]}
{"message":"2) apiUser.php","context":{"op":{"op":"getUsers"}},"level":200,"level_name":"INFO","channel":"channel_name","datetime":{"date":"2018-08-23 15:40:00.333624","timezone_type":3,"timezone":"Europe/Berlin"},"extra":[]}
{"message":"1) apiUser.php","context":{"op":"getUsers"},"level":200,"level_name":"INFO","channel":"channel_name","datetime":{"date":"2018-08-23 15:40:02.122164","timezone_type":3,"timezone":"Europe/Berlin"},"extra":[]}
{"message":"2) apiUser.php","context":{"op":{"op":"getUsers"}},"level":200,"level_name":"INFO","channel":"channel_name","datetime":{"date":"2018-08-23 15:40:02.122588","timezone_type":3,"timezone":"Europe/Berlin"},"extra":[]}
{"message":"1) apiUser.php","context":{"op":"getUsers"},"level":200,"level_name":"INFO","channel":"channel_name","datetime":{"date":"2018-08-23 15:42:21.883303","timezone_type":3,"timezone":"Europe/Berlin"},"extra":[]}
{"message":"2) apiUser.php","context":{"op":{"op":"getUsers"}},"level":200,"level_name":"INFO","channel":"channel_name","datetime":{"date":"2018-08-23 15:42:21.883710","timezone_type":3,"timezone":"Europe/Berlin"},"extra":[]}
{"message":"1) apiUser.php","context":{"op":"getUsers"},"level":200,"level_name":"INFO","channel":"channel_name","datetime":{"date":"2018-08-23 15:44:36.264748","timezone_type":3,"timezone":"Europe/Berlin"},"extra":[]}
{"message":"2) apiUser.php","context":{"op":{"op":"getUsers"}},"level":200,"level_name":"INFO","channel":"channel_name","datetime":{"date":"2018-08-23 15:44:36.265148","timezone_type":3,"timezone":"Europe/Berlin"},"extra":[]}
{"message":"1) apiUser.php","context":{"op":"getUsers"},"level":200,"level_name":"INFO","channel":"channel_name","datetime":{"date":"2018-08-24 08:09:15.404060","timezone_type":3,"timezone":"Europe/Berlin"},"extra":[]}
{"message":"2) apiUser.php","context":{"op":{"op":"getUsers"}},"level":200,"level_name":"INFO","channel":"channel_name","datetime":{"date":"2018-08-24 08:09:15.405482","timezone_type":3,"timezone":"Europe/Berlin"},"extra":[]}
{"message":"1) apiUser.php","context":{"op":"save"},"level":200,"level_name":"INFO","channel":"channel_name","datetime":{"date":"2018-08-24 08:09:48.968636","timezone_type":3,"timezone":"Europe/Berlin"},"extra":[]}
{"message":"2) apiUser.php","context":{"op":{"op":"save","data":{"id":32,"username":"thtan55","password":"cancer","email":"t.h.tan@dunelm.org.uk","role":"manager","address1":"35 O Jalan Tembusu","address2":"Taman Melawis","town":"Klang","firstname":"thian","lastname":"tan","postcode":"41100","country":"Canada","bankbsb":"333","bankaccount":"444"}}},"level":200,"level_name":"INFO","channel":"channel_name","datetime":{"date":"2018-08-24 08:09:48.969033","timezone_type":3,"timezone":"Europe/Berlin"},"extra":[]}
{"message":"4) apiUser.php","context":{"id":32},"level":200,"level_name":"INFO","channel":"channel_name","datetime":{"date":"2018-08-24 08:09:48.969132","timezone_type":3,"timezone":"Europe/Berlin"},"extra":[]}
{"message":"1) apiUser.php","context":{"op":"getUsers"},"level":200,"level_name":"INFO","channel":"channel_name","datetime":{"date":"2018-08-24 08:09:49.032315","timezone_type":3,"timezone":"Europe/Berlin"},"extra":[]}
{"message":"2) apiUser.php","context":{"op":{"op":"getUsers"}},"level":200,"level_name":"INFO","channel":"channel_name","datetime":{"date":"2018-08-24 08:09:49.032702","timezone_type":3,"timezone":"Europe/Berlin"},"extra":[]}
{"message":"1) apiUser.php","context":{"op":"getUsers"},"level":200,"level_name":"INFO","channel":"channel_name","datetime":{"date":"2018-08-24 08:15:34.062793","timezone_type":3,"timezone":"Europe/Berlin"},"extra":[]}
{"message":"2) apiUser.php","context":{"op":{"op":"getUsers"}},"level":200,"level_name":"INFO","channel":"channel_name","datetime":{"date":"2018-08-24 08:15:34.063184","timezone_type":3,"timezone":"Europe/Berlin"},"extra":[]}
{"message":"1) apiUser.php","context":{"op":"getUsers"},"level":200,"level_name":"INFO","channel":"channel_name","datetime":{"date":"2018-08-24 08:22:12.962847","timezone_type":3,"timezone":"Europe/Berlin"},"extra":[]}
{"message":"2) apiUser.php","context":{"op":{"op":"getUsers"}},"level":200,"level_name":"INFO","channel":"channel_name","datetime":{"date":"2018-08-24 08:22:12.963227","timezone_type":3,"timezone":"Europe/Berlin"},"extra":[]}
{"message":"1) apiUser.php","context":{"op":"save"},"level":200,"level_name":"INFO","channel":"channel_name","datetime":{"date":"2018-08-24 08:22:34.157524","timezone_type":3,"timezone":"Europe/Berlin"},"extra":[]}
{"message":"2) apiUser.php","context":{"op":{"op":"save","data":{"id":37,"username":"thtan99","password":"sdfas","email":"thtan56@gmail.com","role":"manager","address1":"35 O Jalan Tembusu","address2":"Taman Melawis","town":"Klang","firstname":"thian","lastname":"tan","postcode":"41100","country":"Canada","bankbsb":"123","bankaccount":"123"}}},"level":200,"level_name":"INFO","channel":"channel_name","datetime":{"date":"2018-08-24 08:22:34.157931","timezone_type":3,"timezone":"Europe/Berlin"},"extra":[]}
{"message":"4) apiUser.php","context":{"id":37},"level":200,"level_name":"INFO","channel":"channel_name","datetime":{"date":"2018-08-24 08:22:34.157991","timezone_type":3,"timezone":"Europe/Berlin"},"extra":[]}
{"message":"1) apiUser.php","context":{"op":"getUsers"},"level":200,"level_name":"INFO","channel":"channel_name","datetime":{"date":"2018-08-24 08:22:34.195966","timezone_type":3,"timezone":"Europe/Berlin"},"extra":[]}
{"message":"2) apiUser.php","context":{"op":{"op":"getUsers"}},"level":200,"level_name":"INFO","channel":"channel_name","datetime":{"date":"2018-08-24 08:22:34.196304","timezone_type":3,"timezone":"Europe/Berlin"},"extra":[]}
{"message":"1) apiUser.php","context":{"op":"getUsers"},"level":200,"level_name":"INFO","channel":"channel_name","datetime":{"date":"2018-08-24 11:40:15.420523","timezone_type":3,"timezone":"Europe/Berlin"},"extra":[]}
{"message":"2) apiUser.php","context":{"op":{"op":"getUsers"}},"level":200,"level_name":"INFO","channel":"channel_name","datetime":{"date":"2018-08-24 11:40:15.421937","timezone_type":3,"timezone":"Europe/Berlin"},"extra":[]}
{"message":"1) apiUser.php","context":{"op":"getUsers"},"level":200,"level_name":"INFO","channel":"channel_name","datetime":{"date":"2018-08-24 15:30:32.022762","timezone_type":3,"timezone":"Europe/Berlin"},"extra":[]}
{"message":"2) apiUser.php","context":{"op":{"op":"getUsers"}},"level":200,"level_name":"INFO","channel":"channel_name","datetime":{"date":"2018-08-24 15:30:32.023913","timezone_type":3,"timezone":"Europe/Berlin"},"extra":[]}
{"message":"1) apiUser.php","context":{"op":"getUsers"},"level":200,"level_name":"INFO","channel":"channel_name","datetime":{"date":"2018-08-24 15:31:56.424666","timezone_type":3,"timezone":"Europe/Berlin"},"extra":[]}
{"message":"2) apiUser.php","context":{"op":{"op":"getUsers"}},"level":200,"level_name":"INFO","channel":"channel_name","datetime":{"date":"2018-08-24 15:31:56.425077","timezone_type":3,"timezone":"Europe/Berlin"},"extra":[]}
{"message":"1) apiUser.php","context":{"op":"save"},"level":200,"level_name":"INFO","channel":"channel_name","datetime":{"date":"2018-08-24 15:32:07.854767","timezone_type":3,"timezone":"Europe/Berlin"},"extra":[]}
{"message":"2) apiUser.php","context":{"op":{"op":"save","data":{"id":37,"username":"thtan99","password":"sdfas","email":"thtan56@gmail.com","role":"customer","address1":"35 O Jalan Tembusu","address2":"Taman Melawis","town":"Klang","firstname":"thian","lastname":"tan","postcode":"41100","country":"Canada","bankbsb":"123","bankaccount":"123"}}},"level":200,"level_name":"INFO","channel":"channel_name","datetime":{"date":"2018-08-24 15:32:07.855264","timezone_type":3,"timezone":"Europe/Berlin"},"extra":[]}
{"message":"4) apiUser.php","context":{"id":37},"level":200,"level_name":"INFO","channel":"channel_name","datetime":{"date":"2018-08-24 15:32:07.855470","timezone_type":3,"timezone":"Europe/Berlin"},"extra":[]}
{"message":"1) apiUser.php","context":{"op":"getUsers"},"level":200,"level_name":"INFO","channel":"channel_name","datetime":{"date":"2018-08-24 15:32:07.894805","timezone_type":3,"timezone":"Europe/Berlin"},"extra":[]}
{"message":"2) apiUser.php","context":{"op":{"op":"getUsers"}},"level":200,"level_name":"INFO","channel":"channel_name","datetime":{"date":"2018-08-24 15:32:07.895132","timezone_type":3,"timezone":"Europe/Berlin"},"extra":[]}
{"message":"1) apiUser.php","context":{"op":"getUsers"},"level":200,"level_name":"INFO","channel":"channel_name","datetime":{"date":"2018-08-24 15:51:29.609622","timezone_type":3,"timezone":"Europe/Berlin"},"extra":[]}
{"message":"2) apiUser.php","context":{"op":{"op":"getUsers"}},"level":200,"level_name":"INFO","channel":"channel_name","datetime":{"date":"2018-08-24 15:51:29.610252","timezone_type":3,"timezone":"Europe/Berlin"},"extra":[]}
{"message":"1) apiUser.php","context":{"op":"getUsers"},"level":200,"level_name":"INFO","channel":"channel_name","datetime":{"date":"2018-08-24 16:05:36.603992","timezone_type":3,"timezone":"Europe/Berlin"},"extra":[]}
{"message":"2) apiUser.php","context":{"op":{"op":"getUsers"}},"level":200,"level_name":"INFO","channel":"channel_name","datetime":{"date":"2018-08-24 16:05:36.604464","timezone_type":3,"timezone":"Europe/Berlin"},"extra":[]}
{"message":"1) apiUser.php","context":{"op":"getUsers"},"level":200,"level_name":"INFO","channel":"channel_name","datetime":{"date":"2018-08-24 16:24:15.373880","timezone_type":3,"timezone":"Europe/Berlin"},"extra":[]}
{"message":"2) apiUser.php","context":{"op":{"op":"getUsers"}},"level":200,"level_name":"INFO","channel":"channel_name","datetime":{"date":"2018-08-24 16:24:15.374430","timezone_type":3,"timezone":"Europe/Berlin"},"extra":[]}
{"message":"1) apiUser.php","context":{"op":"getUsers"},"level":200,"level_name":"INFO","channel":"channel_name","datetime":{"date":"2018-08-26 16:34:52.713471","timezone_type":3,"timezone":"Europe/Berlin"},"extra":[]}
{"message":"2) apiUser.php","context":{"op":{"op":"getUsers"}},"level":200,"level_name":"INFO","channel":"channel_name","datetime":{"date":"2018-08-26 16:34:52.714553","timezone_type":3,"timezone":"Europe/Berlin"},"extra":[]}
{"message":"1) apiUser.php","context":{"op":"getUsers"},"level":200,"level_name":"INFO","channel":"channel_name","datetime":{"date":"2018-08-26 16:36:08.363425","timezone_type":3,"timezone":"Europe/Berlin"},"extra":[]}
{"message":"2) apiUser.php","context":{"op":{"op":"getUsers"}},"level":200,"level_name":"INFO","channel":"channel_name","datetime":{"date":"2018-08-26 16:36:08.363850","timezone_type":3,"timezone":"Europe/Berlin"},"extra":[]}
